#
# AL4SAN 1.0.0, ./potrf
# Nb threads: 55
# Nb gpus:    0
# Nb Prows:    1
# Nb Qcols:    1
# N:          153600
# NB:         1024
# eps:        1.110223e-16
# Activated runtime: Parsec
#
#      M       N  K/NRHS      NB      Nb threads      seconds       Gflop/s
F# 153600,  153600,  153600,    1024,      55,      679.271   1778.33
#
# AL4SAN 1.0.0, ./potrf
# Nb threads: 55
# Nb gpus:    0
# Nb Prows:    1
# Nb Qcols:    1
# N:          153600
# NB:         1024
# eps:        1.110223e-16
# Activated runtime: Parsec
#
#      M       N  K/NRHS      NB      Nb threads      seconds       Gflop/s
F# 153600,  153600,  153600,    1024,      55,      714.810   1689.92
#
# AL4SAN 1.0.0, ./potrf
# Nb threads: 55
# Nb gpus:    0
# Nb Prows:    1
# Nb Qcols:    1
# N:          153600
# NB:         1024
# eps:        1.110223e-16
# Activated runtime: Parsec
#
#      M       N  K/NRHS      NB      Nb threads      seconds       Gflop/s
F# 153600,  153600,  153600,    1024,      55,      690.109   1750.41
#
# AL4SAN 1.0.0, ./potrf
# Nb threads: 55
# Nb gpus:    0
# Nb Prows:    1
# Nb Qcols:    1
# N:          153600
# NB:         1536
# eps:        1.110223e-16
# Activated runtime: Parsec
#
#      M       N  K/NRHS      NB      Nb threads      seconds       Gflop/s
F# 153600,  153600,  153600,    1536,      55,      644.388   1874.60
#
# AL4SAN 1.0.0, ./potrf
# Nb threads: 55
# Nb gpus:    0
# Nb Prows:    1
# Nb Qcols:    1
# N:          153600
# NB:         1536
# eps:        1.110223e-16
# Activated runtime: Parsec
#
#      M       N  K/NRHS      NB      Nb threads      seconds       Gflop/s
F# 153600,  153600,  153600,    1536,      55,      624.039   1935.73
#
# AL4SAN 1.0.0, ./potrf
# Nb threads: 55
# Nb gpus:    0
# Nb Prows:    1
# Nb Qcols:    1
# N:          153600
# NB:         1536
# eps:        1.110223e-16
# Activated runtime: Parsec
#
#      M       N  K/NRHS      NB      Nb threads      seconds       Gflop/s
F# 153600,  153600,  153600,    1536,      55,      620.771   1945.92
#
# AL4SAN 1.0.0, ./potrf
# Nb threads: 55
# Nb gpus:    0
# Nb Prows:    1
# Nb Qcols:    1
# N:          153600
# NB:         2048
# eps:        1.110223e-16
# Activated runtime: Parsec
#
#      M       N  K/NRHS      NB      Nb threads      seconds       Gflop/s
F# 153600,  153600,  153600,    2048,      55,      618.285   1953.74
#
# AL4SAN 1.0.0, ./potrf
# Nb threads: 55
# Nb gpus:    0
# Nb Prows:    1
# Nb Qcols:    1
# N:          153600
# NB:         2048
# eps:        1.110223e-16
# Activated runtime: Parsec
#
#      M       N  K/NRHS      NB      Nb threads      seconds       Gflop/s
F# 153600,  153600,  153600,    2048,      55,      617.255   1957.01
#
# AL4SAN 1.0.0, ./potrf
# Nb threads: 55
# Nb gpus:    0
# Nb Prows:    1
# Nb Qcols:    1
# N:          153600
# NB:         2048
# eps:        1.110223e-16
# Activated runtime: Parsec
#
#      M       N  K/NRHS      NB      Nb threads      seconds       Gflop/s
F# 153600,  153600,  153600,    2048,      55,      624.166   1935.34
#
# AL4SAN 1.0.0, ./potrf
# Nb threads: 55
# Nb gpus:    0
# Nb Prows:    1
# Nb Qcols:    1
# N:          153600
# NB:         2560
# eps:        1.110223e-16
# Activated runtime: Parsec
#
#      M       N  K/NRHS      NB      Nb threads      seconds       Gflop/s
F# 153600,  153600,  153600,    2560,      55,      594.757   2031.03
#
# AL4SAN 1.0.0, ./potrf
# Nb threads: 55
# Nb gpus:    0
# Nb Prows:    1
# Nb Qcols:    1
# N:          153600
# NB:         2560
# eps:        1.110223e-16
# Activated runtime: Parsec
#
#      M       N  K/NRHS      NB      Nb threads      seconds       Gflop/s
F# 153600,  153600,  153600,    2560,      55,      596.402   2025.43
#
# AL4SAN 1.0.0, ./potrf
# Nb threads: 55
# Nb gpus:    0
# Nb Prows:    1
# Nb Qcols:    1
# N:          153600
# NB:         2560
# eps:        1.110223e-16
# Activated runtime: Parsec
#
#      M       N  K/NRHS      NB      Nb threads      seconds       Gflop/s
F# 153600,  153600,  153600,    2560,      55,      598.407   2018.65
#
# AL4SAN 1.0.0, ./potrf
# Nb threads: 55
# Nb gpus:    0
# Nb Prows:    1
# Nb Qcols:    1
# N:          153600
# NB:         3072
# eps:        1.110223e-16
# Activated runtime: Parsec
#
#      M       N  K/NRHS      NB      Nb threads      seconds       Gflop/s
F# 153600,  153600,  153600,    3072,      55,      614.829   1964.73
#
# AL4SAN 1.0.0, ./potrf
# Nb threads: 55
# Nb gpus:    0
# Nb Prows:    1
# Nb Qcols:    1
# N:          153600
# NB:         3072
# eps:        1.110223e-16
# Activated runtime: Parsec
#
#      M       N  K/NRHS      NB      Nb threads      seconds       Gflop/s
F# 153600,  153600,  153600,    3072,      55,      588.144   2053.87
#
# AL4SAN 1.0.0, ./potrf
# Nb threads: 55
# Nb gpus:    0
# Nb Prows:    1
# Nb Qcols:    1
# N:          153600
# NB:         3072
# eps:        1.110223e-16
# Activated runtime: Parsec
#
#      M       N  K/NRHS      NB      Nb threads      seconds       Gflop/s
F# 153600,  153600,  153600,    3072,      55,      610.364   1979.10
#
# AL4SAN 1.0.0, ./potrf
# Nb threads: 55
# Nb gpus:    0
# Nb Prows:    1
# Nb Qcols:    1
# N:          163840
# NB:         1024
# eps:        1.110223e-16
# Activated runtime: Parsec
#
#      M       N  K/NRHS      NB      Nb threads      seconds       Gflop/s
F# 163840,  163840,  163840,    1024,      55,     1033.723   1418.20
#
# AL4SAN 1.0.0, ./potrf
# Nb threads: 55
# Nb gpus:    0
# Nb Prows:    1
# Nb Qcols:    1
# N:          163840
# NB:         1024
# eps:        1.110223e-16
# Activated runtime: Parsec
#
#      M       N  K/NRHS      NB      Nb threads      seconds       Gflop/s
F# 163840,  163840,  163840,    1024,      55,     1003.142   1461.44
#
# AL4SAN 1.0.0, ./potrf
# Nb threads: 55
# Nb gpus:    0
# Nb Prows:    1
# Nb Qcols:    1
# N:          163840
# NB:         1024
# eps:        1.110223e-16
# Activated runtime: Parsec
#
#      M       N  K/NRHS      NB      Nb threads      seconds       Gflop/s
F# 163840,  163840,  163840,    1024,      55,     1022.899   1433.21
#
# AL4SAN 1.0.0, ./potrf
# Nb threads: 55
# Nb gpus:    0
# Nb Prows:    1
# Nb Qcols:    1
# N:          163840
# NB:         1536
# eps:        1.110223e-16
# Activated runtime: Parsec
#
#      M       N  K/NRHS      NB      Nb threads      seconds       Gflop/s
F# 163840,  163840,  163840,    1536,      55,      942.773   1555.02
#
# AL4SAN 1.0.0, ./potrf
# Nb threads: 55
# Nb gpus:    0
# Nb Prows:    1
# Nb Qcols:    1
# N:          163840
# NB:         1536
# eps:        1.110223e-16
# Activated runtime: Parsec
#
#      M       N  K/NRHS      NB      Nb threads      seconds       Gflop/s
F# 163840,  163840,  163840,    1536,      55,      933.917   1569.76
#
# AL4SAN 1.0.0, ./potrf
# Nb threads: 55
# Nb gpus:    0
# Nb Prows:    1
# Nb Qcols:    1
# N:          163840
# NB:         1536
# eps:        1.110223e-16
# Activated runtime: Parsec
#
#      M       N  K/NRHS      NB      Nb threads      seconds       Gflop/s
F# 163840,  163840,  163840,    1536,      55,      950.478   1542.41
#
# AL4SAN 1.0.0, ./potrf
# Nb threads: 55
# Nb gpus:    0
# Nb Prows:    1
# Nb Qcols:    1
# N:          163840
# NB:         2048
# eps:        1.110223e-16
# Activated runtime: Parsec
#
#      M       N  K/NRHS      NB      Nb threads      seconds       Gflop/s
F# 163840,  163840,  163840,    2048,      55,      910.626   1609.91
#
# AL4SAN 1.0.0, ./potrf
# Nb threads: 55
# Nb gpus:    0
# Nb Prows:    1
# Nb Qcols:    1
# N:          163840
# NB:         2048
# eps:        1.110223e-16
# Activated runtime: Parsec
#
#      M       N  K/NRHS      NB      Nb threads      seconds       Gflop/s
F# 163840,  163840,  163840,    2048,      55,      907.290   1615.83
#
# AL4SAN 1.0.0, ./potrf
# Nb threads: 55
# Nb gpus:    0
# Nb Prows:    1
# Nb Qcols:    1
# N:          163840
# NB:         2048
# eps:        1.110223e-16
# Activated runtime: Parsec
#
#      M       N  K/NRHS      NB      Nb threads      seconds       Gflop/s
F# 163840,  163840,  163840,    2048,      55,      925.611   1583.85
#
# AL4SAN 1.0.0, ./potrf
# Nb threads: 55
# Nb gpus:    0
# Nb Prows:    1
# Nb Qcols:    1
# N:          163840
# NB:         2560
# eps:        1.110223e-16
# Activated runtime: Parsec
#
#      M       N  K/NRHS      NB      Nb threads      seconds       Gflop/s
F# 163840,  163840,  163840,    2560,      55,      861.534   1701.65
#
# AL4SAN 1.0.0, ./potrf
# Nb threads: 55
# Nb gpus:    0
# Nb Prows:    1
# Nb Qcols:    1
# N:          163840
# NB:         2560
# eps:        1.110223e-16
# Activated runtime: Parsec
#
#      M       N  K/NRHS      NB      Nb threads      seconds       Gflop/s
F# 163840,  163840,  163840,    2560,      55,      870.727   1683.68
#
# AL4SAN 1.0.0, ./potrf
# Nb threads: 55
# Nb gpus:    0
# Nb Prows:    1
# Nb Qcols:    1
# N:          163840
# NB:         2560
# eps:        1.110223e-16
# Activated runtime: Parsec
#
#      M       N  K/NRHS      NB      Nb threads      seconds       Gflop/s
F# 163840,  163840,  163840,    2560,      55,      870.799   1683.54
#
# AL4SAN 1.0.0, ./potrf
# Nb threads: 55
# Nb gpus:    0
# Nb Prows:    1
# Nb Qcols:    1
# N:          163840
# NB:         3072
# eps:        1.110223e-16
# Activated runtime: Parsec
#
#      M       N  K/NRHS      NB      Nb threads      seconds       Gflop/s
F# 163840,  163840,  163840,    3072,      55,      838.904   1747.55
#
# AL4SAN 1.0.0, ./potrf
# Nb threads: 55
# Nb gpus:    0
# Nb Prows:    1
# Nb Qcols:    1
# N:          163840
# NB:         3072
# eps:        1.110223e-16
# Activated runtime: Parsec
#
#      M       N  K/NRHS      NB      Nb threads      seconds       Gflop/s
F# 163840,  163840,  163840,    3072,      55,      835.032   1755.66
#
# AL4SAN 1.0.0, ./potrf
# Nb threads: 55
# Nb gpus:    0
# Nb Prows:    1
# Nb Qcols:    1
# N:          163840
# NB:         3072
# eps:        1.110223e-16
# Activated runtime: Parsec
#
#      M       N  K/NRHS      NB      Nb threads      seconds       Gflop/s
F# 163840,  163840,  163840,    3072,      55,      837.525   1750.43
#
# AL4SAN 1.0.0, ./potrf
# Nb threads: 55
# Nb gpus:    0
# Nb Prows:    1
# Nb Qcols:    1
# N:          174080
# NB:         1024
# eps:        1.110223e-16
# Activated runtime: Parsec
#
#      M       N  K/NRHS      NB      Nb threads      seconds       Gflop/s
F# 174080,  174080,  174080,    1024,      55,    AL4SAN ERROR: al4san_desc_mat_alloc(): malloc() failed
AL4SAN ERROR: al4san_desc_check(): NULL matrix pointer
AL4SAN ERROR: AL4SAN_Desc_Create_User(): invalid descriptor
AL4SAN ERROR: al4san_desc_check(): NULL descriptor
AL4SAN ERROR: AL4SAN_dplgsy_Tile(): invalid descriptor
[flamingo:54229] *** Process received signal ***
[flamingo:54229] Signal: Segmentation fault (11)
[flamingo:54229] Signal code: Address not mapped (1)
[flamingo:54229] Failing at address: 0xb0
[flamingo:54229] [ 0] /lib/x86_64-linux-gnu/libpthread.so.0(+0x11390)[0x7fc6c5adb390]
[flamingo:54229] [ 1] ./potrf[0x408244]
[flamingo:54229] [ 2] ./potrf[0x406b85]
[flamingo:54229] [ 3] ./potrf[0x402abc]
[flamingo:54229] [ 4] ./potrf[0x4021c5]
[flamingo:54229] [ 5] /lib/x86_64-linux-gnu/libc.so.6(__libc_start_main+0xf0)[0x7fc6be595830]
[flamingo:54229] [ 6] ./potrf[0x4024f9]
[flamingo:54229] *** End of error message ***
#
# AL4SAN 1.0.0, ./potrf
# Nb threads: 55
# Nb gpus:    0
# Nb Prows:    1
# Nb Qcols:    1
# N:          174080
# NB:         1024
# eps:        1.110223e-16
# Activated runtime: Parsec
#
#      M       N  K/NRHS      NB      Nb threads      seconds       Gflop/s
F# 174080,  174080,  174080,    1024,      55,    AL4SAN ERROR: al4san_desc_mat_alloc(): malloc() failed
AL4SAN ERROR: al4san_desc_check(): NULL matrix pointer
AL4SAN ERROR: AL4SAN_Desc_Create_User(): invalid descriptor
AL4SAN ERROR: al4san_desc_check(): NULL descriptor
AL4SAN ERROR: AL4SAN_dplgsy_Tile(): invalid descriptor
[flamingo:54292] *** Process received signal ***
[flamingo:54292] Signal: Segmentation fault (11)
[flamingo:54292] Signal code: Address not mapped (1)
[flamingo:54292] Failing at address: 0xb0
[flamingo:54292] [ 0] /lib/x86_64-linux-gnu/libpthread.so.0(+0x11390)[0x7f384f939390]
[flamingo:54292] [ 1] ./potrf[0x408244]
[flamingo:54292] [ 2] ./potrf[0x406b85]
[flamingo:54292] [ 3] ./potrf[0x402abc]
[flamingo:54292] [ 4] ./potrf[0x4021c5]
[flamingo:54292] [ 5] /lib/x86_64-linux-gnu/libc.so.6(__libc_start_main+0xf0)[0x7f38483f3830]
[flamingo:54292] [ 6] ./potrf[0x4024f9]
[flamingo:54292] *** End of error message ***
#
# AL4SAN 1.0.0, ./potrf
# Nb threads: 55
# Nb gpus:    0
# Nb Prows:    1
# Nb Qcols:    1
# N:          174080
# NB:         1024
# eps:        1.110223e-16
# Activated runtime: Parsec
#
#      M       N  K/NRHS      NB      Nb threads      seconds       Gflop/s
F# 174080,  174080,  174080,    1024,      55,    AL4SAN ERROR: al4san_desc_mat_alloc(): malloc() failed
AL4SAN ERROR: al4san_desc_check(): NULL matrix pointer
AL4SAN ERROR: AL4SAN_Desc_Create_User(): invalid descriptor
AL4SAN ERROR: al4san_desc_check(): NULL descriptor
AL4SAN ERROR: AL4SAN_dplgsy_Tile(): invalid descriptor
[flamingo:54355] *** Process received signal ***
[flamingo:54355] Signal: Segmentation fault (11)
[flamingo:54355] Signal code: Address not mapped (1)
[flamingo:54355] Failing at address: 0xb0
[flamingo:54355] [ 0] /lib/x86_64-linux-gnu/libpthread.so.0(+0x11390)[0x7f36f39fc390]
[flamingo:54355] [ 1] ./potrf[0x408244]
[flamingo:54355] [ 2] ./potrf[0x406b85]
[flamingo:54355] [ 3] ./potrf[0x402abc]
[flamingo:54355] [ 4] ./potrf[0x4021c5]
[flamingo:54355] [ 5] /lib/x86_64-linux-gnu/libc.so.6(__libc_start_main+0xf0)[0x7f36ec4b6830]
[flamingo:54355] [ 6] ./potrf[0x4024f9]
[flamingo:54355] *** End of error message ***
#
# AL4SAN 1.0.0, ./potrf
# Nb threads: 55
# Nb gpus:    0
# Nb Prows:    1
# Nb Qcols:    1
# N:          174080
# NB:         1536
# eps:        1.110223e-16
# Activated runtime: Parsec
#
#      M       N  K/NRHS      NB      Nb threads      seconds       Gflop/s
F# 174080,  174080,  174080,    1536,      55,    AL4SAN ERROR: al4san_desc_mat_alloc(): malloc() failed
AL4SAN ERROR: al4san_desc_check(): NULL matrix pointer
AL4SAN ERROR: AL4SAN_Desc_Create_User(): invalid descriptor
AL4SAN ERROR: al4san_desc_check(): NULL descriptor
AL4SAN ERROR: AL4SAN_dplgsy_Tile(): invalid descriptor
[flamingo:54418] *** Process received signal ***
[flamingo:54418] Signal: Segmentation fault (11)
[flamingo:54418] Signal code: Address not mapped (1)
[flamingo:54418] Failing at address: 0xb0
[flamingo:54418] [ 0] /lib/x86_64-linux-gnu/libpthread.so.0(+0x11390)[0x7f6d7733d390]
[flamingo:54418] [ 1] ./potrf[0x408244]
[flamingo:54418] [ 2] ./potrf[0x406b85]
[flamingo:54418] [ 3] ./potrf[0x402abc]
[flamingo:54418] [ 4] ./potrf[0x4021c5]
[flamingo:54418] [ 5] /lib/x86_64-linux-gnu/libc.so.6(__libc_start_main+0xf0)[0x7f6d6fdf7830]
[flamingo:54418] [ 6] ./potrf[0x4024f9]
[flamingo:54418] *** End of error message ***
#
# AL4SAN 1.0.0, ./potrf
# Nb threads: 55
# Nb gpus:    0
# Nb Prows:    1
# Nb Qcols:    1
# N:          174080
# NB:         1536
# eps:        1.110223e-16
# Activated runtime: Parsec
#
#      M       N  K/NRHS      NB      Nb threads      seconds       Gflop/s
F# 174080,  174080,  174080,    1536,      55,    AL4SAN ERROR: al4san_desc_mat_alloc(): malloc() failed
AL4SAN ERROR: al4san_desc_check(): NULL matrix pointer
AL4SAN ERROR: AL4SAN_Desc_Create_User(): invalid descriptor
AL4SAN ERROR: al4san_desc_check(): NULL descriptor
AL4SAN ERROR: AL4SAN_dplgsy_Tile(): invalid descriptor
[flamingo:54481] *** Process received signal ***
[flamingo:54481] Signal: Segmentation fault (11)
[flamingo:54481] Signal code: Address not mapped (1)
[flamingo:54481] Failing at address: 0xb0
[flamingo:54481] [ 0] /lib/x86_64-linux-gnu/libpthread.so.0(+0x11390)[0x7fe098e43390]
[flamingo:54481] [ 1] ./potrf[0x408244]
[flamingo:54481] [ 2] ./potrf[0x406b85]
[flamingo:54481] [ 3] ./potrf[0x402abc]
[flamingo:54481] [ 4] ./potrf[0x4021c5]
[flamingo:54481] [ 5] /lib/x86_64-linux-gnu/libc.so.6(__libc_start_main+0xf0)[0x7fe0918fd830]
[flamingo:54481] [ 6] ./potrf[0x4024f9]
[flamingo:54481] *** End of error message ***
#
# AL4SAN 1.0.0, ./potrf
# Nb threads: 55
# Nb gpus:    0
# Nb Prows:    1
# Nb Qcols:    1
# N:          174080
# NB:         1536
# eps:        1.110223e-16
# Activated runtime: Parsec
#
#      M       N  K/NRHS      NB      Nb threads      seconds       Gflop/s
F# 174080,  174080,  174080,    1536,      55,    AL4SAN ERROR: al4san_desc_mat_alloc(): malloc() failed
AL4SAN ERROR: al4san_desc_check(): NULL matrix pointer
AL4SAN ERROR: AL4SAN_Desc_Create_User(): invalid descriptor
AL4SAN ERROR: al4san_desc_check(): NULL descriptor
AL4SAN ERROR: AL4SAN_dplgsy_Tile(): invalid descriptor
[flamingo:54544] *** Process received signal ***
[flamingo:54544] Signal: Segmentation fault (11)
[flamingo:54544] Signal code: Address not mapped (1)
[flamingo:54544] Failing at address: 0xb0
[flamingo:54544] [ 0] /lib/x86_64-linux-gnu/libpthread.so.0(+0x11390)[0x7f62b2925390]
[flamingo:54544] [ 1] ./potrf[0x408244]
[flamingo:54544] [ 2] ./potrf[0x406b85]
[flamingo:54544] [ 3] ./potrf[0x402abc]
[flamingo:54544] [ 4] ./potrf[0x4021c5]
[flamingo:54544] [ 5] /lib/x86_64-linux-gnu/libc.so.6(__libc_start_main+0xf0)[0x7f62ab3df830]
[flamingo:54544] [ 6] ./potrf[0x4024f9]
[flamingo:54544] *** End of error message ***
#
# AL4SAN 1.0.0, ./potrf
# Nb threads: 55
# Nb gpus:    0
# Nb Prows:    1
# Nb Qcols:    1
# N:          174080
# NB:         2048
# eps:        1.110223e-16
# Activated runtime: Parsec
#
#      M       N  K/NRHS      NB      Nb threads      seconds       Gflop/s
F# 174080,  174080,  174080,    2048,      55,    AL4SAN ERROR: al4san_desc_mat_alloc(): malloc() failed
AL4SAN ERROR: al4san_desc_check(): NULL matrix pointer
AL4SAN ERROR: AL4SAN_Desc_Create_User(): invalid descriptor
AL4SAN ERROR: al4san_desc_check(): NULL descriptor
AL4SAN ERROR: AL4SAN_dplgsy_Tile(): invalid descriptor
[flamingo:54607] *** Process received signal ***
[flamingo:54607] Signal: Segmentation fault (11)
[flamingo:54607] Signal code: Address not mapped (1)
[flamingo:54607] Failing at address: 0xb0
[flamingo:54607] [ 0] /lib/x86_64-linux-gnu/libpthread.so.0(+0x11390)[0x7f1200fe1390]
[flamingo:54607] [ 1] ./potrf[0x408244]
[flamingo:54607] [ 2] ./potrf[0x406b85]
[flamingo:54607] [ 3] ./potrf[0x402abc]
[flamingo:54607] [ 4] ./potrf[0x4021c5]
[flamingo:54607] [ 5] /lib/x86_64-linux-gnu/libc.so.6(__libc_start_main+0xf0)[0x7f11f9a9b830]
[flamingo:54607] [ 6] ./potrf[0x4024f9]
[flamingo:54607] *** End of error message ***
#
# AL4SAN 1.0.0, ./potrf
# Nb threads: 55
# Nb gpus:    0
# Nb Prows:    1
# Nb Qcols:    1
# N:          174080
# NB:         2048
# eps:        1.110223e-16
# Activated runtime: Parsec
#
#      M       N  K/NRHS      NB      Nb threads      seconds       Gflop/s
F# 174080,  174080,  174080,    2048,      55,    AL4SAN ERROR: al4san_desc_mat_alloc(): malloc() failed
AL4SAN ERROR: al4san_desc_check(): NULL matrix pointer
AL4SAN ERROR: AL4SAN_Desc_Create_User(): invalid descriptor
AL4SAN ERROR: al4san_desc_check(): NULL descriptor
AL4SAN ERROR: AL4SAN_dplgsy_Tile(): invalid descriptor
[flamingo:54670] *** Process received signal ***
[flamingo:54670] Signal: Segmentation fault (11)
[flamingo:54670] Signal code: Address not mapped (1)
[flamingo:54670] Failing at address: 0xb0
[flamingo:54670] [ 0] /lib/x86_64-linux-gnu/libpthread.so.0(+0x11390)[0x7ffa0f3de390]
[flamingo:54670] [ 1] ./potrf[0x408244]
[flamingo:54670] [ 2] ./potrf[0x406b85]
[flamingo:54670] [ 3] ./potrf[0x402abc]
[flamingo:54670] [ 4] ./potrf[0x4021c5]
[flamingo:54670] [ 5] /lib/x86_64-linux-gnu/libc.so.6(__libc_start_main+0xf0)[0x7ffa07e98830]
[flamingo:54670] [ 6] ./potrf[0x4024f9]
[flamingo:54670] *** End of error message ***
#
# AL4SAN 1.0.0, ./potrf
# Nb threads: 55
# Nb gpus:    0
# Nb Prows:    1
# Nb Qcols:    1
# N:          174080
# NB:         2048
# eps:        1.110223e-16
# Activated runtime: Parsec
#
#      M       N  K/NRHS      NB      Nb threads      seconds       Gflop/s
F# 174080,  174080,  174080,    2048,      55,    AL4SAN ERROR: al4san_desc_mat_alloc(): malloc() failed
AL4SAN ERROR: al4san_desc_check(): NULL matrix pointer
AL4SAN ERROR: AL4SAN_Desc_Create_User(): invalid descriptor
AL4SAN ERROR: al4san_desc_check(): NULL descriptor
AL4SAN ERROR: AL4SAN_dplgsy_Tile(): invalid descriptor
[flamingo:54733] *** Process received signal ***
[flamingo:54733] Signal: Segmentation fault (11)
[flamingo:54733] Signal code: Address not mapped (1)
[flamingo:54733] Failing at address: 0xb0
[flamingo:54733] [ 0] /lib/x86_64-linux-gnu/libpthread.so.0(+0x11390)[0x7ff3b812c390]
[flamingo:54733] [ 1] ./potrf[0x408244]
[flamingo:54733] [ 2] ./potrf[0x406b85]
[flamingo:54733] [ 3] ./potrf[0x402abc]
[flamingo:54733] [ 4] ./potrf[0x4021c5]
[flamingo:54733] [ 5] /lib/x86_64-linux-gnu/libc.so.6(__libc_start_main+0xf0)[0x7ff3b0be6830]
[flamingo:54733] [ 6] ./potrf[0x4024f9]
[flamingo:54733] *** End of error message ***
#
# AL4SAN 1.0.0, ./potrf
# Nb threads: 55
# Nb gpus:    0
# Nb Prows:    1
# Nb Qcols:    1
# N:          174080
# NB:         2560
# eps:        1.110223e-16
# Activated runtime: Parsec
#
#      M       N  K/NRHS      NB      Nb threads      seconds       Gflop/s
F# 174080,  174080,  174080,    2560,      55,    AL4SAN ERROR: al4san_desc_mat_alloc(): malloc() failed
AL4SAN ERROR: al4san_desc_check(): NULL matrix pointer
AL4SAN ERROR: AL4SAN_Desc_Create_User(): invalid descriptor
AL4SAN ERROR: al4san_desc_check(): NULL descriptor
AL4SAN ERROR: AL4SAN_dplgsy_Tile(): invalid descriptor
[flamingo:54796] *** Process received signal ***
[flamingo:54796] Signal: Segmentation fault (11)
[flamingo:54796] Signal code: Address not mapped (1)
[flamingo:54796] Failing at address: 0xb0
[flamingo:54796] [ 0] /lib/x86_64-linux-gnu/libpthread.so.0(+0x11390)[0x7f2f259a7390]
[flamingo:54796] [ 1] ./potrf[0x408244]
[flamingo:54796] [ 2] ./potrf[0x406b85]
[flamingo:54796] [ 3] ./potrf[0x402abc]
[flamingo:54796] [ 4] ./potrf[0x4021c5]
[flamingo:54796] [ 5] /lib/x86_64-linux-gnu/libc.so.6(__libc_start_main+0xf0)[0x7f2f1e461830]
[flamingo:54796] [ 6] ./potrf[0x4024f9]
[flamingo:54796] *** End of error message ***
#
# AL4SAN 1.0.0, ./potrf
# Nb threads: 55
# Nb gpus:    0
# Nb Prows:    1
# Nb Qcols:    1
# N:          174080
# NB:         2560
# eps:        1.110223e-16
# Activated runtime: Parsec
#
#      M       N  K/NRHS      NB      Nb threads      seconds       Gflop/s
F# 174080,  174080,  174080,    2560,      55,    AL4SAN ERROR: al4san_desc_mat_alloc(): malloc() failed
AL4SAN ERROR: al4san_desc_check(): NULL matrix pointer
AL4SAN ERROR: AL4SAN_Desc_Create_User(): invalid descriptor
AL4SAN ERROR: al4san_desc_check(): NULL descriptor
AL4SAN ERROR: AL4SAN_dplgsy_Tile(): invalid descriptor
[flamingo:54859] *** Process received signal ***
[flamingo:54859] Signal: Segmentation fault (11)
[flamingo:54859] Signal code: Address not mapped (1)
[flamingo:54859] Failing at address: 0xb0
[flamingo:54859] [ 0] /lib/x86_64-linux-gnu/libpthread.so.0(+0x11390)[0x7f6e61aaa390]
[flamingo:54859] [ 1] ./potrf[0x408244]
[flamingo:54859] [ 2] ./potrf[0x406b85]
[flamingo:54859] [ 3] ./potrf[0x402abc]
[flamingo:54859] [ 4] ./potrf[0x4021c5]
[flamingo:54859] [ 5] /lib/x86_64-linux-gnu/libc.so.6(__libc_start_main+0xf0)[0x7f6e5a564830]
[flamingo:54859] [ 6] ./potrf[0x4024f9]
[flamingo:54859] *** End of error message ***
#
# AL4SAN 1.0.0, ./potrf
# Nb threads: 55
# Nb gpus:    0
# Nb Prows:    1
# Nb Qcols:    1
# N:          174080
# NB:         2560
# eps:        1.110223e-16
# Activated runtime: Parsec
#
#      M       N  K/NRHS      NB      Nb threads      seconds       Gflop/s
F# 174080,  174080,  174080,    2560,      55,    AL4SAN ERROR: al4san_desc_mat_alloc(): malloc() failed
AL4SAN ERROR: al4san_desc_check(): NULL matrix pointer
AL4SAN ERROR: AL4SAN_Desc_Create_User(): invalid descriptor
AL4SAN ERROR: al4san_desc_check(): NULL descriptor
AL4SAN ERROR: AL4SAN_dplgsy_Tile(): invalid descriptor
[flamingo:54922] *** Process received signal ***
[flamingo:54922] Signal: Segmentation fault (11)
[flamingo:54922] Signal code: Address not mapped (1)
[flamingo:54922] Failing at address: 0xb0
[flamingo:54922] [ 0] /lib/x86_64-linux-gnu/libpthread.so.0(+0x11390)[0x7f3a44c17390]
[flamingo:54922] [ 1] ./potrf[0x408244]
[flamingo:54922] [ 2] ./potrf[0x406b85]
[flamingo:54922] [ 3] ./potrf[0x402abc]
[flamingo:54922] [ 4] ./potrf[0x4021c5]
[flamingo:54922] [ 5] /lib/x86_64-linux-gnu/libc.so.6(__libc_start_main+0xf0)[0x7f3a3d6d1830]
[flamingo:54922] [ 6] ./potrf[0x4024f9]
[flamingo:54922] *** End of error message ***
#
# AL4SAN 1.0.0, ./potrf
# Nb threads: 55
# Nb gpus:    0
# Nb Prows:    1
# Nb Qcols:    1
# N:          174080
# NB:         3072
# eps:        1.110223e-16
# Activated runtime: Parsec
#
#      M       N  K/NRHS      NB      Nb threads      seconds       Gflop/s
F# 174080,  174080,  174080,    3072,      55,    AL4SAN ERROR: al4san_desc_mat_alloc(): malloc() failed
AL4SAN ERROR: al4san_desc_check(): NULL matrix pointer
AL4SAN ERROR: AL4SAN_Desc_Create_User(): invalid descriptor
AL4SAN ERROR: al4san_desc_check(): NULL descriptor
AL4SAN ERROR: AL4SAN_dplgsy_Tile(): invalid descriptor
[flamingo:54985] *** Process received signal ***
[flamingo:54985] Signal: Segmentation fault (11)
[flamingo:54985] Signal code: Address not mapped (1)
[flamingo:54985] Failing at address: 0xb0
[flamingo:54985] [ 0] /lib/x86_64-linux-gnu/libpthread.so.0(+0x11390)[0x7f1fd2490390]
[flamingo:54985] [ 1] ./potrf[0x408244]
[flamingo:54985] [ 2] ./potrf[0x406b85]
[flamingo:54985] [ 3] ./potrf[0x402abc]
[flamingo:54985] [ 4] ./potrf[0x4021c5]
[flamingo:54985] [ 5] /lib/x86_64-linux-gnu/libc.so.6(__libc_start_main+0xf0)[0x7f1fcaf4a830]
[flamingo:54985] [ 6] ./potrf[0x4024f9]
[flamingo:54985] *** End of error message ***
#
# AL4SAN 1.0.0, ./potrf
# Nb threads: 55
# Nb gpus:    0
# Nb Prows:    1
# Nb Qcols:    1
# N:          174080
# NB:         3072
# eps:        1.110223e-16
# Activated runtime: Parsec
#
#      M       N  K/NRHS      NB      Nb threads      seconds       Gflop/s
F# 174080,  174080,  174080,    3072,      55,    AL4SAN ERROR: al4san_desc_mat_alloc(): malloc() failed
AL4SAN ERROR: al4san_desc_check(): NULL matrix pointer
AL4SAN ERROR: AL4SAN_Desc_Create_User(): invalid descriptor
AL4SAN ERROR: al4san_desc_check(): NULL descriptor
AL4SAN ERROR: AL4SAN_dplgsy_Tile(): invalid descriptor
[flamingo:55048] *** Process received signal ***
[flamingo:55048] Signal: Segmentation fault (11)
[flamingo:55048] Signal code: Address not mapped (1)
[flamingo:55048] Failing at address: 0xb0
[flamingo:55048] [ 0] /lib/x86_64-linux-gnu/libpthread.so.0(+0x11390)[0x7f67bbef9390]
[flamingo:55048] [ 1] ./potrf[0x408244]
[flamingo:55048] [ 2] ./potrf[0x406b85]
[flamingo:55048] [ 3] ./potrf[0x402abc]
[flamingo:55048] [ 4] ./potrf[0x4021c5]
[flamingo:55048] [ 5] /lib/x86_64-linux-gnu/libc.so.6(__libc_start_main+0xf0)[0x7f67b49b3830]
[flamingo:55048] [ 6] ./potrf[0x4024f9]
[flamingo:55048] *** End of error message ***
#
# AL4SAN 1.0.0, ./potrf
# Nb threads: 55
# Nb gpus:    0
# Nb Prows:    1
# Nb Qcols:    1
# N:          174080
# NB:         3072
# eps:        1.110223e-16
# Activated runtime: Parsec
#
#      M       N  K/NRHS      NB      Nb threads      seconds       Gflop/s
F# 174080,  174080,  174080,    3072,      55,    AL4SAN ERROR: al4san_desc_mat_alloc(): malloc() failed
AL4SAN ERROR: al4san_desc_check(): NULL matrix pointer
AL4SAN ERROR: AL4SAN_Desc_Create_User(): invalid descriptor
AL4SAN ERROR: al4san_desc_check(): NULL descriptor
AL4SAN ERROR: AL4SAN_dplgsy_Tile(): invalid descriptor
[flamingo:55111] *** Process received signal ***
[flamingo:55111] Signal: Segmentation fault (11)
[flamingo:55111] Signal code: Address not mapped (1)
[flamingo:55111] Failing at address: 0xb0
[flamingo:55111] [ 0] /lib/x86_64-linux-gnu/libpthread.so.0(+0x11390)[0x7f3f68275390]
[flamingo:55111] [ 1] ./potrf[0x408244]
[flamingo:55111] [ 2] ./potrf[0x406b85]
[flamingo:55111] [ 3] ./potrf[0x402abc]
[flamingo:55111] [ 4] ./potrf[0x4021c5]
[flamingo:55111] [ 5] /lib/x86_64-linux-gnu/libc.so.6(__libc_start_main+0xf0)[0x7f3f60d2f830]
[flamingo:55111] [ 6] ./potrf[0x4024f9]
[flamingo:55111] *** End of error message ***
#
# AL4SAN 1.0.0, ./potrf
# Nb threads: 55
# Nb gpus:    0
# Nb Prows:    1
# Nb Qcols:    1
# N:          184320
# NB:         1024
# eps:        1.110223e-16
# Activated runtime: Parsec
#
#      M       N  K/NRHS      NB      Nb threads      seconds       Gflop/s
F# 184320,  184320,  184320,    1024,      55,    AL4SAN ERROR: al4san_desc_mat_alloc(): malloc() failed
AL4SAN ERROR: al4san_desc_check(): NULL matrix pointer
AL4SAN ERROR: AL4SAN_Desc_Create_User(): invalid descriptor
AL4SAN ERROR: al4san_desc_check(): NULL descriptor
AL4SAN ERROR: AL4SAN_dplgsy_Tile(): invalid descriptor
[flamingo:55175] *** Process received signal ***
[flamingo:55175] Signal: Segmentation fault (11)
[flamingo:55175] Signal code: Address not mapped (1)
[flamingo:55175] Failing at address: 0xb0
[flamingo:55175] [ 0] /lib/x86_64-linux-gnu/libpthread.so.0(+0x11390)[0x7f7a69381390]
[flamingo:55175] [ 1] ./potrf[0x408244]
[flamingo:55175] [ 2] ./potrf[0x406b85]
[flamingo:55175] [ 3] ./potrf[0x402abc]
[flamingo:55175] [ 4] ./potrf[0x4021c5]
[flamingo:55175] [ 5] /lib/x86_64-linux-gnu/libc.so.6(__libc_start_main+0xf0)[0x7f7a61e3b830]
[flamingo:55175] [ 6] ./potrf[0x4024f9]
[flamingo:55175] *** End of error message ***
#
# AL4SAN 1.0.0, ./potrf
# Nb threads: 55
# Nb gpus:    0
# Nb Prows:    1
# Nb Qcols:    1
# N:          184320
# NB:         1024
# eps:        1.110223e-16
# Activated runtime: Parsec
#
#      M       N  K/NRHS      NB      Nb threads      seconds       Gflop/s
F# 184320,  184320,  184320,    1024,      55,    AL4SAN ERROR: al4san_desc_mat_alloc(): malloc() failed
AL4SAN ERROR: al4san_desc_check(): NULL matrix pointer
AL4SAN ERROR: AL4SAN_Desc_Create_User(): invalid descriptor
AL4SAN ERROR: al4san_desc_check(): NULL descriptor
AL4SAN ERROR: AL4SAN_dplgsy_Tile(): invalid descriptor
[flamingo:55239] *** Process received signal ***
[flamingo:55239] Signal: Segmentation fault (11)
[flamingo:55239] Signal code: Address not mapped (1)
[flamingo:55239] Failing at address: 0xb0
[flamingo:55239] [ 0] /lib/x86_64-linux-gnu/libpthread.so.0(+0x11390)[0x7f678b666390]
[flamingo:55239] [ 1] ./potrf[0x408244]
[flamingo:55239] [ 2] ./potrf[0x406b85]
[flamingo:55239] [ 3] ./potrf[0x402abc]
[flamingo:55239] [ 4] ./potrf[0x4021c5]
[flamingo:55239] [ 5] /lib/x86_64-linux-gnu/libc.so.6(__libc_start_main+0xf0)[0x7f6784120830]
[flamingo:55239] [ 6] ./potrf[0x4024f9]
[flamingo:55239] *** End of error message ***
#
# AL4SAN 1.0.0, ./potrf
# Nb threads: 55
# Nb gpus:    0
# Nb Prows:    1
# Nb Qcols:    1
# N:          184320
# NB:         1024
# eps:        1.110223e-16
# Activated runtime: Parsec
#
#      M       N  K/NRHS      NB      Nb threads      seconds       Gflop/s
F# 184320,  184320,  184320,    1024,      55,    AL4SAN ERROR: al4san_desc_mat_alloc(): malloc() failed
AL4SAN ERROR: al4san_desc_check(): NULL matrix pointer
AL4SAN ERROR: AL4SAN_Desc_Create_User(): invalid descriptor
AL4SAN ERROR: al4san_desc_check(): NULL descriptor
AL4SAN ERROR: AL4SAN_dplgsy_Tile(): invalid descriptor
[flamingo:55302] *** Process received signal ***
[flamingo:55302] Signal: Segmentation fault (11)
[flamingo:55302] Signal code: Address not mapped (1)
[flamingo:55302] Failing at address: 0xb0
[flamingo:55302] [ 0] /lib/x86_64-linux-gnu/libpthread.so.0(+0x11390)[0x7ff6dc15c390]
[flamingo:55302] [ 1] ./potrf[0x408244]
[flamingo:55302] [ 2] ./potrf[0x406b85]
[flamingo:55302] [ 3] ./potrf[0x402abc]
[flamingo:55302] [ 4] ./potrf[0x4021c5]
[flamingo:55302] [ 5] /lib/x86_64-linux-gnu/libc.so.6(__libc_start_main+0xf0)[0x7ff6d4c16830]
[flamingo:55302] [ 6] ./potrf[0x4024f9]
[flamingo:55302] *** End of error message ***
#
# AL4SAN 1.0.0, ./potrf
# Nb threads: 55
# Nb gpus:    0
# Nb Prows:    1
# Nb Qcols:    1
# N:          184320
# NB:         1536
# eps:        1.110223e-16
# Activated runtime: Parsec
#
#      M       N  K/NRHS      NB      Nb threads      seconds       Gflop/s
F# 184320,  184320,  184320,    1536,      55,    AL4SAN ERROR: al4san_desc_mat_alloc(): malloc() failed
AL4SAN ERROR: al4san_desc_check(): NULL matrix pointer
AL4SAN ERROR: AL4SAN_Desc_Create_User(): invalid descriptor
AL4SAN ERROR: al4san_desc_check(): NULL descriptor
AL4SAN ERROR: AL4SAN_dplgsy_Tile(): invalid descriptor
[flamingo:55365] *** Process received signal ***
[flamingo:55365] Signal: Segmentation fault (11)
[flamingo:55365] Signal code: Address not mapped (1)
[flamingo:55365] Failing at address: 0xb0
[flamingo:55365] [ 0] /lib/x86_64-linux-gnu/libpthread.so.0(+0x11390)[0x7f14fb378390]
[flamingo:55365] [ 1] ./potrf[0x408244]
[flamingo:55365] [ 2] ./potrf[0x406b85]
[flamingo:55365] [ 3] ./potrf[0x402abc]
[flamingo:55365] [ 4] ./potrf[0x4021c5]
[flamingo:55365] [ 5] /lib/x86_64-linux-gnu/libc.so.6(__libc_start_main+0xf0)[0x7f14f3e32830]
[flamingo:55365] [ 6] ./potrf[0x4024f9]
[flamingo:55365] *** End of error message ***
#
# AL4SAN 1.0.0, ./potrf
# Nb threads: 55
# Nb gpus:    0
# Nb Prows:    1
# Nb Qcols:    1
# N:          184320
# NB:         1536
# eps:        1.110223e-16
# Activated runtime: Parsec
#
#      M       N  K/NRHS      NB      Nb threads      seconds       Gflop/s
F# 184320,  184320,  184320,    1536,      55,    AL4SAN ERROR: al4san_desc_mat_alloc(): malloc() failed
AL4SAN ERROR: al4san_desc_check(): NULL matrix pointer
AL4SAN ERROR: AL4SAN_Desc_Create_User(): invalid descriptor
AL4SAN ERROR: al4san_desc_check(): NULL descriptor
AL4SAN ERROR: AL4SAN_dplgsy_Tile(): invalid descriptor
[flamingo:55428] *** Process received signal ***
[flamingo:55428] Signal: Segmentation fault (11)
[flamingo:55428] Signal code: Address not mapped (1)
[flamingo:55428] Failing at address: 0xb0
[flamingo:55428] [ 0] /lib/x86_64-linux-gnu/libpthread.so.0(+0x11390)[0x7fa2bc90f390]
[flamingo:55428] [ 1] ./potrf[0x408244]
[flamingo:55428] [ 2] ./potrf[0x406b85]
[flamingo:55428] [ 3] ./potrf[0x402abc]
[flamingo:55428] [ 4] ./potrf[0x4021c5]
[flamingo:55428] [ 5] /lib/x86_64-linux-gnu/libc.so.6(__libc_start_main+0xf0)[0x7fa2b53c9830]
[flamingo:55428] [ 6] ./potrf[0x4024f9]
[flamingo:55428] *** End of error message ***
#
# AL4SAN 1.0.0, ./potrf
# Nb threads: 55
# Nb gpus:    0
# Nb Prows:    1
# Nb Qcols:    1
# N:          184320
# NB:         1536
# eps:        1.110223e-16
# Activated runtime: Parsec
#
#      M       N  K/NRHS      NB      Nb threads      seconds       Gflop/s
F# 184320,  184320,  184320,    1536,      55,    AL4SAN ERROR: al4san_desc_mat_alloc(): malloc() failed
AL4SAN ERROR: al4san_desc_check(): NULL matrix pointer
AL4SAN ERROR: AL4SAN_Desc_Create_User(): invalid descriptor
AL4SAN ERROR: al4san_desc_check(): NULL descriptor
AL4SAN ERROR: AL4SAN_dplgsy_Tile(): invalid descriptor
[flamingo:55491] *** Process received signal ***
[flamingo:55491] Signal: Segmentation fault (11)
[flamingo:55491] Signal code: Address not mapped (1)
[flamingo:55491] Failing at address: 0xb0
[flamingo:55491] [ 0] /lib/x86_64-linux-gnu/libpthread.so.0(+0x11390)[0x7f37d4cb1390]
[flamingo:55491] [ 1] ./potrf[0x408244]
[flamingo:55491] [ 2] ./potrf[0x406b85]
[flamingo:55491] [ 3] ./potrf[0x402abc]
[flamingo:55491] [ 4] ./potrf[0x4021c5]
[flamingo:55491] [ 5] /lib/x86_64-linux-gnu/libc.so.6(__libc_start_main+0xf0)[0x7f37cd76b830]
[flamingo:55491] [ 6] ./potrf[0x4024f9]
[flamingo:55491] *** End of error message ***
#
# AL4SAN 1.0.0, ./potrf
# Nb threads: 55
# Nb gpus:    0
# Nb Prows:    1
# Nb Qcols:    1
# N:          184320
# NB:         2048
# eps:        1.110223e-16
# Activated runtime: Parsec
#
#      M       N  K/NRHS      NB      Nb threads      seconds       Gflop/s
F# 184320,  184320,  184320,    2048,      55,    AL4SAN ERROR: al4san_desc_mat_alloc(): malloc() failed
AL4SAN ERROR: al4san_desc_check(): NULL matrix pointer
AL4SAN ERROR: AL4SAN_Desc_Create_User(): invalid descriptor
AL4SAN ERROR: al4san_desc_check(): NULL descriptor
AL4SAN ERROR: AL4SAN_dplgsy_Tile(): invalid descriptor
[flamingo:55554] *** Process received signal ***
[flamingo:55554] Signal: Segmentation fault (11)
[flamingo:55554] Signal code: Address not mapped (1)
[flamingo:55554] Failing at address: 0xb0
[flamingo:55554] [ 0] /lib/x86_64-linux-gnu/libpthread.so.0(+0x11390)[0x7f326d75e390]
[flamingo:55554] [ 1] ./potrf[0x408244]
[flamingo:55554] [ 2] ./potrf[0x406b85]
[flamingo:55554] [ 3] ./potrf[0x402abc]
[flamingo:55554] [ 4] ./potrf[0x4021c5]
[flamingo:55554] [ 5] /lib/x86_64-linux-gnu/libc.so.6(__libc_start_main+0xf0)[0x7f3266218830]
[flamingo:55554] [ 6] ./potrf[0x4024f9]
[flamingo:55554] *** End of error message ***
#
# AL4SAN 1.0.0, ./potrf
# Nb threads: 55
# Nb gpus:    0
# Nb Prows:    1
# Nb Qcols:    1
# N:          184320
# NB:         2048
# eps:        1.110223e-16
# Activated runtime: Parsec
#
#      M       N  K/NRHS      NB      Nb threads      seconds       Gflop/s
F# 184320,  184320,  184320,    2048,      55,    AL4SAN ERROR: al4san_desc_mat_alloc(): malloc() failed
AL4SAN ERROR: al4san_desc_check(): NULL matrix pointer
AL4SAN ERROR: AL4SAN_Desc_Create_User(): invalid descriptor
AL4SAN ERROR: al4san_desc_check(): NULL descriptor
AL4SAN ERROR: AL4SAN_dplgsy_Tile(): invalid descriptor
[flamingo:55617] *** Process received signal ***
[flamingo:55617] Signal: Segmentation fault (11)
[flamingo:55617] Signal code: Address not mapped (1)
[flamingo:55617] Failing at address: 0xb0
[flamingo:55617] [ 0] /lib/x86_64-linux-gnu/libpthread.so.0(+0x11390)[0x7f61af074390]
[flamingo:55617] [ 1] ./potrf[0x408244]
[flamingo:55617] [ 2] ./potrf[0x406b85]
[flamingo:55617] [ 3] ./potrf[0x402abc]
[flamingo:55617] [ 4] ./potrf[0x4021c5]
[flamingo:55617] [ 5] /lib/x86_64-linux-gnu/libc.so.6(__libc_start_main+0xf0)[0x7f61a7b2e830]
[flamingo:55617] [ 6] ./potrf[0x4024f9]
[flamingo:55617] *** End of error message ***
#
# AL4SAN 1.0.0, ./potrf
# Nb threads: 55
# Nb gpus:    0
# Nb Prows:    1
# Nb Qcols:    1
# N:          184320
# NB:         2048
# eps:        1.110223e-16
# Activated runtime: Parsec
#
#      M       N  K/NRHS      NB      Nb threads      seconds       Gflop/s
F# 184320,  184320,  184320,    2048,      55,    AL4SAN ERROR: al4san_desc_mat_alloc(): malloc() failed
AL4SAN ERROR: al4san_desc_check(): NULL matrix pointer
AL4SAN ERROR: AL4SAN_Desc_Create_User(): invalid descriptor
AL4SAN ERROR: al4san_desc_check(): NULL descriptor
AL4SAN ERROR: AL4SAN_dplgsy_Tile(): invalid descriptor
[flamingo:55680] *** Process received signal ***
[flamingo:55680] Signal: Segmentation fault (11)
[flamingo:55680] Signal code: Address not mapped (1)
[flamingo:55680] Failing at address: 0xb0
[flamingo:55680] [ 0] /lib/x86_64-linux-gnu/libpthread.so.0(+0x11390)[0x7f2586955390]
[flamingo:55680] [ 1] ./potrf[0x408244]
[flamingo:55680] [ 2] ./potrf[0x406b85]
[flamingo:55680] [ 3] ./potrf[0x402abc]
[flamingo:55680] [ 4] ./potrf[0x4021c5]
[flamingo:55680] [ 5] /lib/x86_64-linux-gnu/libc.so.6(__libc_start_main+0xf0)[0x7f257f40f830]
[flamingo:55680] [ 6] ./potrf[0x4024f9]
[flamingo:55680] *** End of error message ***
#
# AL4SAN 1.0.0, ./potrf
# Nb threads: 55
# Nb gpus:    0
# Nb Prows:    1
# Nb Qcols:    1
# N:          184320
# NB:         2560
# eps:        1.110223e-16
# Activated runtime: Parsec
#
#      M       N  K/NRHS      NB      Nb threads      seconds       Gflop/s
F# 184320,  184320,  184320,    2560,      55,    AL4SAN ERROR: al4san_desc_mat_alloc(): malloc() failed
AL4SAN ERROR: al4san_desc_check(): NULL matrix pointer
AL4SAN ERROR: AL4SAN_Desc_Create_User(): invalid descriptor
AL4SAN ERROR: al4san_desc_check(): NULL descriptor
AL4SAN ERROR: AL4SAN_dplgsy_Tile(): invalid descriptor
[flamingo:55743] *** Process received signal ***
[flamingo:55743] Signal: Segmentation fault (11)
[flamingo:55743] Signal code: Address not mapped (1)
[flamingo:55743] Failing at address: 0xb0
[flamingo:55743] [ 0] /lib/x86_64-linux-gnu/libpthread.so.0(+0x11390)[0x7fb5c0491390]
[flamingo:55743] [ 1] ./potrf[0x408244]
[flamingo:55743] [ 2] ./potrf[0x406b85]
[flamingo:55743] [ 3] ./potrf[0x402abc]
[flamingo:55743] [ 4] ./potrf[0x4021c5]
[flamingo:55743] [ 5] /lib/x86_64-linux-gnu/libc.so.6(__libc_start_main+0xf0)[0x7fb5b8f4b830]
[flamingo:55743] [ 6] ./potrf[0x4024f9]
[flamingo:55743] *** End of error message ***
#
# AL4SAN 1.0.0, ./potrf
# Nb threads: 55
# Nb gpus:    0
# Nb Prows:    1
# Nb Qcols:    1
# N:          184320
# NB:         2560
# eps:        1.110223e-16
# Activated runtime: Parsec
#
#      M       N  K/NRHS      NB      Nb threads      seconds       Gflop/s
F# 184320,  184320,  184320,    2560,      55,    AL4SAN ERROR: al4san_desc_mat_alloc(): malloc() failed
AL4SAN ERROR: al4san_desc_check(): NULL matrix pointer
AL4SAN ERROR: AL4SAN_Desc_Create_User(): invalid descriptor
AL4SAN ERROR: al4san_desc_check(): NULL descriptor
AL4SAN ERROR: AL4SAN_dplgsy_Tile(): invalid descriptor
[flamingo:55806] *** Process received signal ***
[flamingo:55806] Signal: Segmentation fault (11)
[flamingo:55806] Signal code: Address not mapped (1)
[flamingo:55806] Failing at address: 0xb0
[flamingo:55806] [ 0] /lib/x86_64-linux-gnu/libpthread.so.0(+0x11390)[0x7f6daaf4a390]
[flamingo:55806] [ 1] ./potrf[0x408244]
[flamingo:55806] [ 2] ./potrf[0x406b85]
[flamingo:55806] [ 3] ./potrf[0x402abc]
[flamingo:55806] [ 4] ./potrf[0x4021c5]
[flamingo:55806] [ 5] /lib/x86_64-linux-gnu/libc.so.6(__libc_start_main+0xf0)[0x7f6da3a04830]
[flamingo:55806] [ 6] ./potrf[0x4024f9]
[flamingo:55806] *** End of error message ***
#
# AL4SAN 1.0.0, ./potrf
# Nb threads: 55
# Nb gpus:    0
# Nb Prows:    1
# Nb Qcols:    1
# N:          184320
# NB:         2560
# eps:        1.110223e-16
# Activated runtime: Parsec
#
#      M       N  K/NRHS      NB      Nb threads      seconds       Gflop/s
F# 184320,  184320,  184320,    2560,      55,    AL4SAN ERROR: al4san_desc_mat_alloc(): malloc() failed
AL4SAN ERROR: al4san_desc_check(): NULL matrix pointer
AL4SAN ERROR: AL4SAN_Desc_Create_User(): invalid descriptor
AL4SAN ERROR: al4san_desc_check(): NULL descriptor
AL4SAN ERROR: AL4SAN_dplgsy_Tile(): invalid descriptor
[flamingo:55869] *** Process received signal ***
[flamingo:55869] Signal: Segmentation fault (11)
[flamingo:55869] Signal code: Address not mapped (1)
[flamingo:55869] Failing at address: 0xb0
[flamingo:55869] [ 0] /lib/x86_64-linux-gnu/libpthread.so.0(+0x11390)[0x7fcbc8cc1390]
[flamingo:55869] [ 1] ./potrf[0x408244]
[flamingo:55869] [ 2] ./potrf[0x406b85]
[flamingo:55869] [ 3] ./potrf[0x402abc]
[flamingo:55869] [ 4] ./potrf[0x4021c5]
[flamingo:55869] [ 5] /lib/x86_64-linux-gnu/libc.so.6(__libc_start_main+0xf0)[0x7fcbc177b830]
[flamingo:55869] [ 6] ./potrf[0x4024f9]
[flamingo:55869] *** End of error message ***
#
# AL4SAN 1.0.0, ./potrf
# Nb threads: 55
# Nb gpus:    0
# Nb Prows:    1
# Nb Qcols:    1
# N:          184320
# NB:         3072
# eps:        1.110223e-16
# Activated runtime: Parsec
#
#      M       N  K/NRHS      NB      Nb threads      seconds       Gflop/s
F# 184320,  184320,  184320,    3072,      55,    AL4SAN ERROR: al4san_desc_mat_alloc(): malloc() failed
AL4SAN ERROR: al4san_desc_check(): NULL matrix pointer
AL4SAN ERROR: AL4SAN_Desc_Create_User(): invalid descriptor
AL4SAN ERROR: al4san_desc_check(): NULL descriptor
AL4SAN ERROR: AL4SAN_dplgsy_Tile(): invalid descriptor
[flamingo:55932] *** Process received signal ***
[flamingo:55932] Signal: Segmentation fault (11)
[flamingo:55932] Signal code: Address not mapped (1)
[flamingo:55932] Failing at address: 0xb0
[flamingo:55932] [ 0] /lib/x86_64-linux-gnu/libpthread.so.0(+0x11390)[0x7f2be0e87390]
[flamingo:55932] [ 1] ./potrf[0x408244]
[flamingo:55932] [ 2] ./potrf[0x406b85]
[flamingo:55932] [ 3] ./potrf[0x402abc]
[flamingo:55932] [ 4] ./potrf[0x4021c5]
[flamingo:55932] [ 5] /lib/x86_64-linux-gnu/libc.so.6(__libc_start_main+0xf0)[0x7f2bd9941830]
[flamingo:55932] [ 6] ./potrf[0x4024f9]
[flamingo:55932] *** End of error message ***
#
# AL4SAN 1.0.0, ./potrf
# Nb threads: 55
# Nb gpus:    0
# Nb Prows:    1
# Nb Qcols:    1
# N:          184320
# NB:         3072
# eps:        1.110223e-16
# Activated runtime: Parsec
#
#      M       N  K/NRHS      NB      Nb threads      seconds       Gflop/s
F# 184320,  184320,  184320,    3072,      55,    AL4SAN ERROR: al4san_desc_mat_alloc(): malloc() failed
AL4SAN ERROR: al4san_desc_check(): NULL matrix pointer
AL4SAN ERROR: AL4SAN_Desc_Create_User(): invalid descriptor
AL4SAN ERROR: al4san_desc_check(): NULL descriptor
AL4SAN ERROR: AL4SAN_dplgsy_Tile(): invalid descriptor
[flamingo:55995] *** Process received signal ***
[flamingo:55995] Signal: Segmentation fault (11)
[flamingo:55995] Signal code: Address not mapped (1)
[flamingo:55995] Failing at address: 0xb0
[flamingo:55995] [ 0] /lib/x86_64-linux-gnu/libpthread.so.0(+0x11390)[0x7f3ab1935390]
[flamingo:55995] [ 1] ./potrf[0x408244]
[flamingo:55995] [ 2] ./potrf[0x406b85]
[flamingo:55995] [ 3] ./potrf[0x402abc]
[flamingo:55995] [ 4] ./potrf[0x4021c5]
[flamingo:55995] [ 5] /lib/x86_64-linux-gnu/libc.so.6(__libc_start_main+0xf0)[0x7f3aaa3ef830]
[flamingo:55995] [ 6] ./potrf[0x4024f9]
[flamingo:55995] *** End of error message ***
#
# AL4SAN 1.0.0, ./potrf
# Nb threads: 55
# Nb gpus:    0
# Nb Prows:    1
# Nb Qcols:    1
# N:          184320
# NB:         3072
# eps:        1.110223e-16
# Activated runtime: Parsec
#
#      M       N  K/NRHS      NB      Nb threads      seconds       Gflop/s
F# 184320,  184320,  184320,    3072,      55,    AL4SAN ERROR: al4san_desc_mat_alloc(): malloc() failed
AL4SAN ERROR: al4san_desc_check(): NULL matrix pointer
AL4SAN ERROR: AL4SAN_Desc_Create_User(): invalid descriptor
AL4SAN ERROR: al4san_desc_check(): NULL descriptor
AL4SAN ERROR: AL4SAN_dplgsy_Tile(): invalid descriptor
[flamingo:56058] *** Process received signal ***
[flamingo:56058] Signal: Segmentation fault (11)
[flamingo:56058] Signal code: Address not mapped (1)
[flamingo:56058] Failing at address: 0xb0
[flamingo:56058] [ 0] /lib/x86_64-linux-gnu/libpthread.so.0(+0x11390)[0x7f59b23a9390]
[flamingo:56058] [ 1] ./potrf[0x408244]
[flamingo:56058] [ 2] ./potrf[0x406b85]
[flamingo:56058] [ 3] ./potrf[0x402abc]
[flamingo:56058] [ 4] ./potrf[0x4021c5]
[flamingo:56058] [ 5] /lib/x86_64-linux-gnu/libc.so.6(__libc_start_main+0xf0)[0x7f59aae63830]
[flamingo:56058] [ 6] ./potrf[0x4024f9]
[flamingo:56058] *** End of error message ***
#
# AL4SAN 1.0.0, ./potrf
# Nb threads: 55
# Nb gpus:    0
# Nb Prows:    1
# Nb Qcols:    1
# N:          194560
# NB:         1024
# eps:        1.110223e-16
# Activated runtime: Parsec
#
#      M       N  K/NRHS      NB      Nb threads      seconds       Gflop/s
F# 194560,  194560,  194560,    1024,      55,    AL4SAN ERROR: al4san_desc_mat_alloc(): malloc() failed
AL4SAN ERROR: al4san_desc_check(): NULL matrix pointer
AL4SAN ERROR: AL4SAN_Desc_Create_User(): invalid descriptor
AL4SAN ERROR: al4san_desc_check(): NULL descriptor
AL4SAN ERROR: AL4SAN_dplgsy_Tile(): invalid descriptor
[flamingo:56121] *** Process received signal ***
[flamingo:56121] Signal: Segmentation fault (11)
[flamingo:56121] Signal code: Address not mapped (1)
[flamingo:56121] Failing at address: 0xb0
[flamingo:56121] [ 0] /lib/x86_64-linux-gnu/libpthread.so.0(+0x11390)[0x7f6745297390]
[flamingo:56121] [ 1] ./potrf[0x408244]
[flamingo:56121] [ 2] ./potrf[0x406b85]
[flamingo:56121] [ 3] ./potrf[0x402abc]
[flamingo:56121] [ 4] ./potrf[0x4021c5]
[flamingo:56121] [ 5] /lib/x86_64-linux-gnu/libc.so.6(__libc_start_main+0xf0)[0x7f673dd51830]
[flamingo:56121] [ 6] ./potrf[0x4024f9]
[flamingo:56121] *** End of error message ***
#
# AL4SAN 1.0.0, ./potrf
# Nb threads: 55
# Nb gpus:    0
# Nb Prows:    1
# Nb Qcols:    1
# N:          194560
# NB:         1024
# eps:        1.110223e-16
# Activated runtime: Parsec
#
#      M       N  K/NRHS      NB      Nb threads      seconds       Gflop/s
F# 194560,  194560,  194560,    1024,      55,    AL4SAN ERROR: al4san_desc_mat_alloc(): malloc() failed
AL4SAN ERROR: al4san_desc_check(): NULL matrix pointer
AL4SAN ERROR: AL4SAN_Desc_Create_User(): invalid descriptor
AL4SAN ERROR: al4san_desc_check(): NULL descriptor
AL4SAN ERROR: AL4SAN_dplgsy_Tile(): invalid descriptor
[flamingo:56184] *** Process received signal ***
[flamingo:56184] Signal: Segmentation fault (11)
[flamingo:56184] Signal code: Address not mapped (1)
[flamingo:56184] Failing at address: 0xb0
[flamingo:56184] [ 0] /lib/x86_64-linux-gnu/libpthread.so.0(+0x11390)[0x7feec9458390]
[flamingo:56184] [ 1] ./potrf[0x408244]
[flamingo:56184] [ 2] ./potrf[0x406b85]
[flamingo:56184] [ 3] ./potrf[0x402abc]
[flamingo:56184] [ 4] ./potrf[0x4021c5]
[flamingo:56184] [ 5] /lib/x86_64-linux-gnu/libc.so.6(__libc_start_main+0xf0)[0x7feec1f12830]
[flamingo:56184] [ 6] ./potrf[0x4024f9]
[flamingo:56184] *** End of error message ***
#
# AL4SAN 1.0.0, ./potrf
# Nb threads: 55
# Nb gpus:    0
# Nb Prows:    1
# Nb Qcols:    1
# N:          194560
# NB:         1024
# eps:        1.110223e-16
# Activated runtime: Parsec
#
#      M       N  K/NRHS      NB      Nb threads      seconds       Gflop/s
F# 194560,  194560,  194560,    1024,      55,    AL4SAN ERROR: al4san_desc_mat_alloc(): malloc() failed
AL4SAN ERROR: al4san_desc_check(): NULL matrix pointer
AL4SAN ERROR: AL4SAN_Desc_Create_User(): invalid descriptor
AL4SAN ERROR: al4san_desc_check(): NULL descriptor
AL4SAN ERROR: AL4SAN_dplgsy_Tile(): invalid descriptor
[flamingo:56247] *** Process received signal ***
[flamingo:56247] Signal: Segmentation fault (11)
[flamingo:56247] Signal code: Address not mapped (1)
[flamingo:56247] Failing at address: 0xb0
[flamingo:56247] [ 0] /lib/x86_64-linux-gnu/libpthread.so.0(+0x11390)[0x7f530aae1390]
[flamingo:56247] [ 1] ./potrf[0x408244]
[flamingo:56247] [ 2] ./potrf[0x406b85]
[flamingo:56247] [ 3] ./potrf[0x402abc]
[flamingo:56247] [ 4] ./potrf[0x4021c5]
[flamingo:56247] [ 5] /lib/x86_64-linux-gnu/libc.so.6(__libc_start_main+0xf0)[0x7f530359b830]
[flamingo:56247] [ 6] ./potrf[0x4024f9]
[flamingo:56247] *** End of error message ***
#
# AL4SAN 1.0.0, ./potrf
# Nb threads: 55
# Nb gpus:    0
# Nb Prows:    1
# Nb Qcols:    1
# N:          194560
# NB:         1536
# eps:        1.110223e-16
# Activated runtime: Parsec
#
#      M       N  K/NRHS      NB      Nb threads      seconds       Gflop/s
F# 194560,  194560,  194560,    1536,      55,    AL4SAN ERROR: al4san_desc_mat_alloc(): malloc() failed
AL4SAN ERROR: al4san_desc_check(): NULL matrix pointer
AL4SAN ERROR: AL4SAN_Desc_Create_User(): invalid descriptor
AL4SAN ERROR: al4san_desc_check(): NULL descriptor
AL4SAN ERROR: AL4SAN_dplgsy_Tile(): invalid descriptor
[flamingo:56310] *** Process received signal ***
[flamingo:56310] Signal: Segmentation fault (11)
[flamingo:56310] Signal code: Address not mapped (1)
[flamingo:56310] Failing at address: 0xb0
[flamingo:56310] [ 0] /lib/x86_64-linux-gnu/libpthread.so.0(+0x11390)[0x7f57e2b64390]
[flamingo:56310] [ 1] ./potrf[0x408244]
[flamingo:56310] [ 2] ./potrf[0x406b85]
[flamingo:56310] [ 3] ./potrf[0x402abc]
[flamingo:56310] [ 4] ./potrf[0x4021c5]
[flamingo:56310] [ 5] /lib/x86_64-linux-gnu/libc.so.6(__libc_start_main+0xf0)[0x7f57db61e830]
[flamingo:56310] [ 6] ./potrf[0x4024f9]
[flamingo:56310] *** End of error message ***
#
# AL4SAN 1.0.0, ./potrf
# Nb threads: 55
# Nb gpus:    0
# Nb Prows:    1
# Nb Qcols:    1
# N:          194560
# NB:         1536
# eps:        1.110223e-16
# Activated runtime: Parsec
#
#      M       N  K/NRHS      NB      Nb threads      seconds       Gflop/s
F# 194560,  194560,  194560,    1536,      55,    AL4SAN ERROR: al4san_desc_mat_alloc(): malloc() failed
AL4SAN ERROR: al4san_desc_check(): NULL matrix pointer
AL4SAN ERROR: AL4SAN_Desc_Create_User(): invalid descriptor
AL4SAN ERROR: al4san_desc_check(): NULL descriptor
AL4SAN ERROR: AL4SAN_dplgsy_Tile(): invalid descriptor
[flamingo:56373] *** Process received signal ***
[flamingo:56373] Signal: Segmentation fault (11)
[flamingo:56373] Signal code: Address not mapped (1)
[flamingo:56373] Failing at address: 0xb0
[flamingo:56373] [ 0] /lib/x86_64-linux-gnu/libpthread.so.0(+0x11390)[0x7f6a1ce6c390]
[flamingo:56373] [ 1] ./potrf[0x408244]
[flamingo:56373] [ 2] ./potrf[0x406b85]
[flamingo:56373] [ 3] ./potrf[0x402abc]
[flamingo:56373] [ 4] ./potrf[0x4021c5]
[flamingo:56373] [ 5] /lib/x86_64-linux-gnu/libc.so.6(__libc_start_main+0xf0)[0x7f6a15926830]
[flamingo:56373] [ 6] ./potrf[0x4024f9]
[flamingo:56373] *** End of error message ***
#
# AL4SAN 1.0.0, ./potrf
# Nb threads: 55
# Nb gpus:    0
# Nb Prows:    1
# Nb Qcols:    1
# N:          194560
# NB:         1536
# eps:        1.110223e-16
# Activated runtime: Parsec
#
#      M       N  K/NRHS      NB      Nb threads      seconds       Gflop/s
F# 194560,  194560,  194560,    1536,      55,    AL4SAN ERROR: al4san_desc_mat_alloc(): malloc() failed
AL4SAN ERROR: al4san_desc_check(): NULL matrix pointer
AL4SAN ERROR: AL4SAN_Desc_Create_User(): invalid descriptor
AL4SAN ERROR: al4san_desc_check(): NULL descriptor
AL4SAN ERROR: AL4SAN_dplgsy_Tile(): invalid descriptor
[flamingo:56436] *** Process received signal ***
[flamingo:56436] Signal: Segmentation fault (11)
[flamingo:56436] Signal code: Address not mapped (1)
[flamingo:56436] Failing at address: 0xb0
[flamingo:56436] [ 0] /lib/x86_64-linux-gnu/libpthread.so.0(+0x11390)[0x7ff303372390]
[flamingo:56436] [ 1] ./potrf[0x408244]
[flamingo:56436] [ 2] ./potrf[0x406b85]
[flamingo:56436] [ 3] ./potrf[0x402abc]
[flamingo:56436] [ 4] ./potrf[0x4021c5]
[flamingo:56436] [ 5] /lib/x86_64-linux-gnu/libc.so.6(__libc_start_main+0xf0)[0x7ff2fbe2c830]
[flamingo:56436] [ 6] ./potrf[0x4024f9]
[flamingo:56436] *** End of error message ***
#
# AL4SAN 1.0.0, ./potrf
# Nb threads: 55
# Nb gpus:    0
# Nb Prows:    1
# Nb Qcols:    1
# N:          194560
# NB:         2048
# eps:        1.110223e-16
# Activated runtime: Parsec
#
#      M       N  K/NRHS      NB      Nb threads      seconds       Gflop/s
F# 194560,  194560,  194560,    2048,      55,    AL4SAN ERROR: al4san_desc_mat_alloc(): malloc() failed
AL4SAN ERROR: al4san_desc_check(): NULL matrix pointer
AL4SAN ERROR: AL4SAN_Desc_Create_User(): invalid descriptor
AL4SAN ERROR: al4san_desc_check(): NULL descriptor
AL4SAN ERROR: AL4SAN_dplgsy_Tile(): invalid descriptor
[flamingo:56499] *** Process received signal ***
[flamingo:56499] Signal: Segmentation fault (11)
[flamingo:56499] Signal code: Address not mapped (1)
[flamingo:56499] Failing at address: 0xb0
[flamingo:56499] [ 0] /lib/x86_64-linux-gnu/libpthread.so.0(+0x11390)[0x7f3faa5cb390]
[flamingo:56499] [ 1] ./potrf[0x408244]
[flamingo:56499] [ 2] ./potrf[0x406b85]
[flamingo:56499] [ 3] ./potrf[0x402abc]
[flamingo:56499] [ 4] ./potrf[0x4021c5]
[flamingo:56499] [ 5] /lib/x86_64-linux-gnu/libc.so.6(__libc_start_main+0xf0)[0x7f3fa3085830]
[flamingo:56499] [ 6] ./potrf[0x4024f9]
[flamingo:56499] *** End of error message ***
#
# AL4SAN 1.0.0, ./potrf
# Nb threads: 55
# Nb gpus:    0
# Nb Prows:    1
# Nb Qcols:    1
# N:          194560
# NB:         2048
# eps:        1.110223e-16
# Activated runtime: Parsec
#
#      M       N  K/NRHS      NB      Nb threads      seconds       Gflop/s
F# 194560,  194560,  194560,    2048,      55,    AL4SAN ERROR: al4san_desc_mat_alloc(): malloc() failed
AL4SAN ERROR: al4san_desc_check(): NULL matrix pointer
AL4SAN ERROR: AL4SAN_Desc_Create_User(): invalid descriptor
AL4SAN ERROR: al4san_desc_check(): NULL descriptor
AL4SAN ERROR: AL4SAN_dplgsy_Tile(): invalid descriptor
[flamingo:56562] *** Process received signal ***
[flamingo:56562] Signal: Segmentation fault (11)
[flamingo:56562] Signal code: Address not mapped (1)
[flamingo:56562] Failing at address: 0xb0
[flamingo:56562] [ 0] /lib/x86_64-linux-gnu/libpthread.so.0(+0x11390)[0x7fdf59345390]
[flamingo:56562] [ 1] ./potrf[0x408244]
[flamingo:56562] [ 2] ./potrf[0x406b85]
[flamingo:56562] [ 3] ./potrf[0x402abc]
[flamingo:56562] [ 4] ./potrf[0x4021c5]
[flamingo:56562] [ 5] /lib/x86_64-linux-gnu/libc.so.6(__libc_start_main+0xf0)[0x7fdf51dff830]
[flamingo:56562] [ 6] ./potrf[0x4024f9]
[flamingo:56562] *** End of error message ***
#
# AL4SAN 1.0.0, ./potrf
# Nb threads: 55
# Nb gpus:    0
# Nb Prows:    1
# Nb Qcols:    1
# N:          194560
# NB:         2048
# eps:        1.110223e-16
# Activated runtime: Parsec
#
#      M       N  K/NRHS      NB      Nb threads      seconds       Gflop/s
F# 194560,  194560,  194560,    2048,      55,    AL4SAN ERROR: al4san_desc_mat_alloc(): malloc() failed
AL4SAN ERROR: al4san_desc_check(): NULL matrix pointer
AL4SAN ERROR: AL4SAN_Desc_Create_User(): invalid descriptor
AL4SAN ERROR: al4san_desc_check(): NULL descriptor
AL4SAN ERROR: AL4SAN_dplgsy_Tile(): invalid descriptor
[flamingo:56625] *** Process received signal ***
[flamingo:56625] Signal: Segmentation fault (11)
[flamingo:56625] Signal code: Address not mapped (1)
[flamingo:56625] Failing at address: 0xb0
[flamingo:56625] [ 0] /lib/x86_64-linux-gnu/libpthread.so.0(+0x11390)[0x7f74fe8be390]
[flamingo:56625] [ 1] ./potrf[0x408244]
[flamingo:56625] [ 2] ./potrf[0x406b85]
[flamingo:56625] [ 3] ./potrf[0x402abc]
[flamingo:56625] [ 4] ./potrf[0x4021c5]
[flamingo:56625] [ 5] /lib/x86_64-linux-gnu/libc.so.6(__libc_start_main+0xf0)[0x7f74f7378830]
[flamingo:56625] [ 6] ./potrf[0x4024f9]
[flamingo:56625] *** End of error message ***
#
# AL4SAN 1.0.0, ./potrf
# Nb threads: 55
# Nb gpus:    0
# Nb Prows:    1
# Nb Qcols:    1
# N:          194560
# NB:         2560
# eps:        1.110223e-16
# Activated runtime: Parsec
#
#      M       N  K/NRHS      NB      Nb threads      seconds       Gflop/s
F# 194560,  194560,  194560,    2560,      55,    AL4SAN ERROR: al4san_desc_mat_alloc(): malloc() failed
AL4SAN ERROR: al4san_desc_check(): NULL matrix pointer
AL4SAN ERROR: AL4SAN_Desc_Create_User(): invalid descriptor
AL4SAN ERROR: al4san_desc_check(): NULL descriptor
AL4SAN ERROR: AL4SAN_dplgsy_Tile(): invalid descriptor
[flamingo:56688] *** Process received signal ***
[flamingo:56688] Signal: Segmentation fault (11)
[flamingo:56688] Signal code: Address not mapped (1)
[flamingo:56688] Failing at address: 0xb0
[flamingo:56688] [ 0] /lib/x86_64-linux-gnu/libpthread.so.0(+0x11390)[0x7f7348abb390]
[flamingo:56688] [ 1] ./potrf[0x408244]
[flamingo:56688] [ 2] ./potrf[0x406b85]
[flamingo:56688] [ 3] ./potrf[0x402abc]
[flamingo:56688] [ 4] ./potrf[0x4021c5]
[flamingo:56688] [ 5] /lib/x86_64-linux-gnu/libc.so.6(__libc_start_main+0xf0)[0x7f7341575830]
[flamingo:56688] [ 6] ./potrf[0x4024f9]
[flamingo:56688] *** End of error message ***
#
# AL4SAN 1.0.0, ./potrf
# Nb threads: 55
# Nb gpus:    0
# Nb Prows:    1
# Nb Qcols:    1
# N:          194560
# NB:         2560
# eps:        1.110223e-16
# Activated runtime: Parsec
#
#      M       N  K/NRHS      NB      Nb threads      seconds       Gflop/s
F# 194560,  194560,  194560,    2560,      55,    AL4SAN ERROR: al4san_desc_mat_alloc(): malloc() failed
AL4SAN ERROR: al4san_desc_check(): NULL matrix pointer
AL4SAN ERROR: AL4SAN_Desc_Create_User(): invalid descriptor
AL4SAN ERROR: al4san_desc_check(): NULL descriptor
AL4SAN ERROR: AL4SAN_dplgsy_Tile(): invalid descriptor
[flamingo:56751] *** Process received signal ***
[flamingo:56751] Signal: Segmentation fault (11)
[flamingo:56751] Signal code: Address not mapped (1)
[flamingo:56751] Failing at address: 0xb0
[flamingo:56751] [ 0] /lib/x86_64-linux-gnu/libpthread.so.0(+0x11390)[0x7f1f6047a390]
[flamingo:56751] [ 1] ./potrf[0x408244]
[flamingo:56751] [ 2] ./potrf[0x406b85]
[flamingo:56751] [ 3] ./potrf[0x402abc]
[flamingo:56751] [ 4] ./potrf[0x4021c5]
[flamingo:56751] [ 5] /lib/x86_64-linux-gnu/libc.so.6(__libc_start_main+0xf0)[0x7f1f58f34830]
[flamingo:56751] [ 6] ./potrf[0x4024f9]
[flamingo:56751] *** End of error message ***
#
# AL4SAN 1.0.0, ./potrf
# Nb threads: 55
# Nb gpus:    0
# Nb Prows:    1
# Nb Qcols:    1
# N:          194560
# NB:         2560
# eps:        1.110223e-16
# Activated runtime: Parsec
#
#      M       N  K/NRHS      NB      Nb threads      seconds       Gflop/s
F# 194560,  194560,  194560,    2560,      55,    AL4SAN ERROR: al4san_desc_mat_alloc(): malloc() failed
AL4SAN ERROR: al4san_desc_check(): NULL matrix pointer
AL4SAN ERROR: AL4SAN_Desc_Create_User(): invalid descriptor
AL4SAN ERROR: al4san_desc_check(): NULL descriptor
AL4SAN ERROR: AL4SAN_dplgsy_Tile(): invalid descriptor
[flamingo:56814] *** Process received signal ***
[flamingo:56814] Signal: Segmentation fault (11)
[flamingo:56814] Signal code: Address not mapped (1)
[flamingo:56814] Failing at address: 0xb0
[flamingo:56814] [ 0] /lib/x86_64-linux-gnu/libpthread.so.0(+0x11390)[0x7f4f7e60f390]
[flamingo:56814] [ 1] ./potrf[0x408244]
[flamingo:56814] [ 2] ./potrf[0x406b85]
[flamingo:56814] [ 3] ./potrf[0x402abc]
[flamingo:56814] [ 4] ./potrf[0x4021c5]
[flamingo:56814] [ 5] /lib/x86_64-linux-gnu/libc.so.6(__libc_start_main+0xf0)[0x7f4f770c9830]
[flamingo:56814] [ 6] ./potrf[0x4024f9]
[flamingo:56814] *** End of error message ***
#
# AL4SAN 1.0.0, ./potrf
# Nb threads: 55
# Nb gpus:    0
# Nb Prows:    1
# Nb Qcols:    1
# N:          194560
# NB:         3072
# eps:        1.110223e-16
# Activated runtime: Parsec
#
#      M       N  K/NRHS      NB      Nb threads      seconds       Gflop/s
F# 194560,  194560,  194560,    3072,      55,    AL4SAN ERROR: al4san_desc_mat_alloc(): malloc() failed
AL4SAN ERROR: al4san_desc_check(): NULL matrix pointer
AL4SAN ERROR: AL4SAN_Desc_Create_User(): invalid descriptor
AL4SAN ERROR: al4san_desc_check(): NULL descriptor
AL4SAN ERROR: AL4SAN_dplgsy_Tile(): invalid descriptor
[flamingo:56877] *** Process received signal ***
[flamingo:56877] Signal: Segmentation fault (11)
[flamingo:56877] Signal code: Address not mapped (1)
[flamingo:56877] Failing at address: 0xb0
[flamingo:56877] [ 0] /lib/x86_64-linux-gnu/libpthread.so.0(+0x11390)[0x7f1e9ec45390]
[flamingo:56877] [ 1] ./potrf[0x408244]
[flamingo:56877] [ 2] ./potrf[0x406b85]
[flamingo:56877] [ 3] ./potrf[0x402abc]
[flamingo:56877] [ 4] ./potrf[0x4021c5]
[flamingo:56877] [ 5] /lib/x86_64-linux-gnu/libc.so.6(__libc_start_main+0xf0)[0x7f1e976ff830]
[flamingo:56877] [ 6] ./potrf[0x4024f9]
[flamingo:56877] *** End of error message ***
#
# AL4SAN 1.0.0, ./potrf
# Nb threads: 55
# Nb gpus:    0
# Nb Prows:    1
# Nb Qcols:    1
# N:          194560
# NB:         3072
# eps:        1.110223e-16
# Activated runtime: Parsec
#
#      M       N  K/NRHS      NB      Nb threads      seconds       Gflop/s
F# 194560,  194560,  194560,    3072,      55,    AL4SAN ERROR: al4san_desc_mat_alloc(): malloc() failed
AL4SAN ERROR: al4san_desc_check(): NULL matrix pointer
AL4SAN ERROR: AL4SAN_Desc_Create_User(): invalid descriptor
AL4SAN ERROR: al4san_desc_check(): NULL descriptor
AL4SAN ERROR: AL4SAN_dplgsy_Tile(): invalid descriptor
[flamingo:56940] *** Process received signal ***
[flamingo:56940] Signal: Segmentation fault (11)
[flamingo:56940] Signal code: Address not mapped (1)
[flamingo:56940] Failing at address: 0xb0
[flamingo:56940] [ 0] /lib/x86_64-linux-gnu/libpthread.so.0(+0x11390)[0x7f10f13fe390]
[flamingo:56940] [ 1] ./potrf[0x408244]
[flamingo:56940] [ 2] ./potrf[0x406b85]
[flamingo:56940] [ 3] ./potrf[0x402abc]
[flamingo:56940] [ 4] ./potrf[0x4021c5]
[flamingo:56940] [ 5] /lib/x86_64-linux-gnu/libc.so.6(__libc_start_main+0xf0)[0x7f10e9eb8830]
[flamingo:56940] [ 6] ./potrf[0x4024f9]
[flamingo:56940] *** End of error message ***
#
# AL4SAN 1.0.0, ./potrf
# Nb threads: 55
# Nb gpus:    0
# Nb Prows:    1
# Nb Qcols:    1
# N:          194560
# NB:         3072
# eps:        1.110223e-16
# Activated runtime: Parsec
#
#      M       N  K/NRHS      NB      Nb threads      seconds       Gflop/s
F# 194560,  194560,  194560,    3072,      55,    AL4SAN ERROR: al4san_desc_mat_alloc(): malloc() failed
AL4SAN ERROR: al4san_desc_check(): NULL matrix pointer
AL4SAN ERROR: AL4SAN_Desc_Create_User(): invalid descriptor
AL4SAN ERROR: al4san_desc_check(): NULL descriptor
AL4SAN ERROR: AL4SAN_dplgsy_Tile(): invalid descriptor
[flamingo:57003] *** Process received signal ***
[flamingo:57003] Signal: Segmentation fault (11)
[flamingo:57003] Signal code: Address not mapped (1)
[flamingo:57003] Failing at address: 0xb0
[flamingo:57003] [ 0] /lib/x86_64-linux-gnu/libpthread.so.0(+0x11390)[0x7f53412e0390]
[flamingo:57003] [ 1] ./potrf[0x408244]
[flamingo:57003] [ 2] ./potrf[0x406b85]
[flamingo:57003] [ 3] ./potrf[0x402abc]
[flamingo:57003] [ 4] ./potrf[0x4021c5]
[flamingo:57003] [ 5] /lib/x86_64-linux-gnu/libc.so.6(__libc_start_main+0xf0)[0x7f5339d9a830]
[flamingo:57003] [ 6] ./potrf[0x4024f9]
[flamingo:57003] *** End of error message ***
#
# AL4SAN 1.0.0, ./potrf
# Nb threads: 55
# Nb gpus:    0
# Nb Prows:    1
# Nb Qcols:    1
# N:          204800
# NB:         1024
# eps:        1.110223e-16
# Activated runtime: Parsec
#
#      M       N  K/NRHS      NB      Nb threads      seconds       Gflop/s
F# 204800,  204800,  204800,    1024,      55,    AL4SAN ERROR: al4san_desc_mat_alloc(): malloc() failed
AL4SAN ERROR: al4san_desc_check(): NULL matrix pointer
AL4SAN ERROR: AL4SAN_Desc_Create_User(): invalid descriptor
AL4SAN ERROR: al4san_desc_check(): NULL descriptor
AL4SAN ERROR: AL4SAN_dplgsy_Tile(): invalid descriptor
[flamingo:57066] *** Process received signal ***
[flamingo:57066] Signal: Segmentation fault (11)
[flamingo:57066] Signal code: Address not mapped (1)
[flamingo:57066] Failing at address: 0xb0
[flamingo:57066] [ 0] /lib/x86_64-linux-gnu/libpthread.so.0(+0x11390)[0x7fa281769390]
[flamingo:57066] [ 1] ./potrf[0x408244]
[flamingo:57066] [ 2] ./potrf[0x406b85]
[flamingo:57066] [ 3] ./potrf[0x402abc]
[flamingo:57066] [ 4] ./potrf[0x4021c5]
[flamingo:57066] [ 5] /lib/x86_64-linux-gnu/libc.so.6(__libc_start_main+0xf0)[0x7fa27a223830]
[flamingo:57066] [ 6] ./potrf[0x4024f9]
[flamingo:57066] *** End of error message ***
#
# AL4SAN 1.0.0, ./potrf
# Nb threads: 55
# Nb gpus:    0
# Nb Prows:    1
# Nb Qcols:    1
# N:          204800
# NB:         1024
# eps:        1.110223e-16
# Activated runtime: Parsec
#
#      M       N  K/NRHS      NB      Nb threads      seconds       Gflop/s
F# 204800,  204800,  204800,    1024,      55,    AL4SAN ERROR: al4san_desc_mat_alloc(): malloc() failed
AL4SAN ERROR: al4san_desc_check(): NULL matrix pointer
AL4SAN ERROR: AL4SAN_Desc_Create_User(): invalid descriptor
AL4SAN ERROR: al4san_desc_check(): NULL descriptor
AL4SAN ERROR: AL4SAN_dplgsy_Tile(): invalid descriptor
[flamingo:57129] *** Process received signal ***
[flamingo:57129] Signal: Segmentation fault (11)
[flamingo:57129] Signal code: Address not mapped (1)
[flamingo:57129] Failing at address: 0xb0
[flamingo:57129] [ 0] /lib/x86_64-linux-gnu/libpthread.so.0(+0x11390)[0x7f0261577390]
[flamingo:57129] [ 1] ./potrf[0x408244]
[flamingo:57129] [ 2] ./potrf[0x406b85]
[flamingo:57129] [ 3] ./potrf[0x402abc]
[flamingo:57129] [ 4] ./potrf[0x4021c5]
[flamingo:57129] [ 5] /lib/x86_64-linux-gnu/libc.so.6(__libc_start_main+0xf0)[0x7f025a031830]
[flamingo:57129] [ 6] ./potrf[0x4024f9]
[flamingo:57129] *** End of error message ***
#
# AL4SAN 1.0.0, ./potrf
# Nb threads: 55
# Nb gpus:    0
# Nb Prows:    1
# Nb Qcols:    1
# N:          204800
# NB:         1024
# eps:        1.110223e-16
# Activated runtime: Parsec
#
#      M       N  K/NRHS      NB      Nb threads      seconds       Gflop/s
F# 204800,  204800,  204800,    1024,      55,    AL4SAN ERROR: al4san_desc_mat_alloc(): malloc() failed
AL4SAN ERROR: al4san_desc_check(): NULL matrix pointer
AL4SAN ERROR: AL4SAN_Desc_Create_User(): invalid descriptor
AL4SAN ERROR: al4san_desc_check(): NULL descriptor
AL4SAN ERROR: AL4SAN_dplgsy_Tile(): invalid descriptor
[flamingo:57192] *** Process received signal ***
[flamingo:57192] Signal: Segmentation fault (11)
[flamingo:57192] Signal code: Address not mapped (1)
[flamingo:57192] Failing at address: 0xb0
[flamingo:57192] [ 0] /lib/x86_64-linux-gnu/libpthread.so.0(+0x11390)[0x7f96841b9390]
[flamingo:57192] [ 1] ./potrf[0x408244]
[flamingo:57192] [ 2] ./potrf[0x406b85]
[flamingo:57192] [ 3] ./potrf[0x402abc]
[flamingo:57192] [ 4] ./potrf[0x4021c5]
[flamingo:57192] [ 5] /lib/x86_64-linux-gnu/libc.so.6(__libc_start_main+0xf0)[0x7f967cc73830]
[flamingo:57192] [ 6] ./potrf[0x4024f9]
[flamingo:57192] *** End of error message ***
#
# AL4SAN 1.0.0, ./potrf
# Nb threads: 55
# Nb gpus:    0
# Nb Prows:    1
# Nb Qcols:    1
# N:          204800
# NB:         1536
# eps:        1.110223e-16
# Activated runtime: Parsec
#
#      M       N  K/NRHS      NB      Nb threads      seconds       Gflop/s
F# 204800,  204800,  204800,    1536,      55,    AL4SAN ERROR: al4san_desc_mat_alloc(): malloc() failed
AL4SAN ERROR: al4san_desc_check(): NULL matrix pointer
AL4SAN ERROR: AL4SAN_Desc_Create_User(): invalid descriptor
AL4SAN ERROR: al4san_desc_check(): NULL descriptor
AL4SAN ERROR: AL4SAN_dplgsy_Tile(): invalid descriptor
[flamingo:57255] *** Process received signal ***
[flamingo:57255] Signal: Segmentation fault (11)
[flamingo:57255] Signal code: Address not mapped (1)
[flamingo:57255] Failing at address: 0xb0
[flamingo:57255] [ 0] /lib/x86_64-linux-gnu/libpthread.so.0(+0x11390)[0x7f265faa7390]
[flamingo:57255] [ 1] ./potrf[0x408244]
[flamingo:57255] [ 2] ./potrf[0x406b85]
[flamingo:57255] [ 3] ./potrf[0x402abc]
[flamingo:57255] [ 4] ./potrf[0x4021c5]
[flamingo:57255] [ 5] /lib/x86_64-linux-gnu/libc.so.6(__libc_start_main+0xf0)[0x7f2658561830]
[flamingo:57255] [ 6] ./potrf[0x4024f9]
[flamingo:57255] *** End of error message ***
#
# AL4SAN 1.0.0, ./potrf
# Nb threads: 55
# Nb gpus:    0
# Nb Prows:    1
# Nb Qcols:    1
# N:          204800
# NB:         1536
# eps:        1.110223e-16
# Activated runtime: Parsec
#
#      M       N  K/NRHS      NB      Nb threads      seconds       Gflop/s
F# 204800,  204800,  204800,    1536,      55,    AL4SAN ERROR: al4san_desc_mat_alloc(): malloc() failed
AL4SAN ERROR: al4san_desc_check(): NULL matrix pointer
AL4SAN ERROR: AL4SAN_Desc_Create_User(): invalid descriptor
AL4SAN ERROR: al4san_desc_check(): NULL descriptor
AL4SAN ERROR: AL4SAN_dplgsy_Tile(): invalid descriptor
[flamingo:57318] *** Process received signal ***
[flamingo:57318] Signal: Segmentation fault (11)
[flamingo:57318] Signal code: Address not mapped (1)
[flamingo:57318] Failing at address: 0xb0
[flamingo:57318] [ 0] /lib/x86_64-linux-gnu/libpthread.so.0(+0x11390)[0x7fb4fe63e390]
[flamingo:57318] [ 1] ./potrf[0x408244]
[flamingo:57318] [ 2] ./potrf[0x406b85]
[flamingo:57318] [ 3] ./potrf[0x402abc]
[flamingo:57318] [ 4] ./potrf[0x4021c5]
[flamingo:57318] [ 5] /lib/x86_64-linux-gnu/libc.so.6(__libc_start_main+0xf0)[0x7fb4f70f8830]
[flamingo:57318] [ 6] ./potrf[0x4024f9]
[flamingo:57318] *** End of error message ***
#
# AL4SAN 1.0.0, ./potrf
# Nb threads: 55
# Nb gpus:    0
# Nb Prows:    1
# Nb Qcols:    1
# N:          204800
# NB:         1536
# eps:        1.110223e-16
# Activated runtime: Parsec
#
#      M       N  K/NRHS      NB      Nb threads      seconds       Gflop/s
F# 204800,  204800,  204800,    1536,      55,    AL4SAN ERROR: al4san_desc_mat_alloc(): malloc() failed
AL4SAN ERROR: al4san_desc_check(): NULL matrix pointer
AL4SAN ERROR: AL4SAN_Desc_Create_User(): invalid descriptor
AL4SAN ERROR: al4san_desc_check(): NULL descriptor
AL4SAN ERROR: AL4SAN_dplgsy_Tile(): invalid descriptor
[flamingo:57381] *** Process received signal ***
[flamingo:57381] Signal: Segmentation fault (11)
[flamingo:57381] Signal code: Address not mapped (1)
[flamingo:57381] Failing at address: 0xb0
[flamingo:57381] [ 0] /lib/x86_64-linux-gnu/libpthread.so.0(+0x11390)[0x7f77cc345390]
[flamingo:57381] [ 1] ./potrf[0x408244]
[flamingo:57381] [ 2] ./potrf[0x406b85]
[flamingo:57381] [ 3] ./potrf[0x402abc]
[flamingo:57381] [ 4] ./potrf[0x4021c5]
[flamingo:57381] [ 5] /lib/x86_64-linux-gnu/libc.so.6(__libc_start_main+0xf0)[0x7f77c4dff830]
[flamingo:57381] [ 6] ./potrf[0x4024f9]
[flamingo:57381] *** End of error message ***
#
# AL4SAN 1.0.0, ./potrf
# Nb threads: 55
# Nb gpus:    0
# Nb Prows:    1
# Nb Qcols:    1
# N:          204800
# NB:         2048
# eps:        1.110223e-16
# Activated runtime: Parsec
#
#      M       N  K/NRHS      NB      Nb threads      seconds       Gflop/s
F# 204800,  204800,  204800,    2048,      55,    AL4SAN ERROR: al4san_desc_mat_alloc(): malloc() failed
AL4SAN ERROR: al4san_desc_check(): NULL matrix pointer
AL4SAN ERROR: AL4SAN_Desc_Create_User(): invalid descriptor
AL4SAN ERROR: al4san_desc_check(): NULL descriptor
AL4SAN ERROR: AL4SAN_dplgsy_Tile(): invalid descriptor
[flamingo:57444] *** Process received signal ***
[flamingo:57444] Signal: Segmentation fault (11)
[flamingo:57444] Signal code: Address not mapped (1)
[flamingo:57444] Failing at address: 0xb0
[flamingo:57444] [ 0] /lib/x86_64-linux-gnu/libpthread.so.0(+0x11390)[0x7f80af27b390]
[flamingo:57444] [ 1] ./potrf[0x408244]
[flamingo:57444] [ 2] ./potrf[0x406b85]
[flamingo:57444] [ 3] ./potrf[0x402abc]
[flamingo:57444] [ 4] ./potrf[0x4021c5]
[flamingo:57444] [ 5] /lib/x86_64-linux-gnu/libc.so.6(__libc_start_main+0xf0)[0x7f80a7d35830]
[flamingo:57444] [ 6] ./potrf[0x4024f9]
[flamingo:57444] *** End of error message ***
#
# AL4SAN 1.0.0, ./potrf
# Nb threads: 55
# Nb gpus:    0
# Nb Prows:    1
# Nb Qcols:    1
# N:          204800
# NB:         2048
# eps:        1.110223e-16
# Activated runtime: Parsec
#
#      M       N  K/NRHS      NB      Nb threads      seconds       Gflop/s
F# 204800,  204800,  204800,    2048,      55,    AL4SAN ERROR: al4san_desc_mat_alloc(): malloc() failed
AL4SAN ERROR: al4san_desc_check(): NULL matrix pointer
AL4SAN ERROR: AL4SAN_Desc_Create_User(): invalid descriptor
AL4SAN ERROR: al4san_desc_check(): NULL descriptor
AL4SAN ERROR: AL4SAN_dplgsy_Tile(): invalid descriptor
[flamingo:57507] *** Process received signal ***
[flamingo:57507] Signal: Segmentation fault (11)
[flamingo:57507] Signal code: Address not mapped (1)
[flamingo:57507] Failing at address: 0xb0
[flamingo:57507] [ 0] /lib/x86_64-linux-gnu/libpthread.so.0(+0x11390)[0x7f9c0d14e390]
[flamingo:57507] [ 1] ./potrf[0x408244]
[flamingo:57507] [ 2] ./potrf[0x406b85]
[flamingo:57507] [ 3] ./potrf[0x402abc]
[flamingo:57507] [ 4] ./potrf[0x4021c5]
[flamingo:57507] [ 5] /lib/x86_64-linux-gnu/libc.so.6(__libc_start_main+0xf0)[0x7f9c05c08830]
[flamingo:57507] [ 6] ./potrf[0x4024f9]
[flamingo:57507] *** End of error message ***
#
# AL4SAN 1.0.0, ./potrf
# Nb threads: 55
# Nb gpus:    0
# Nb Prows:    1
# Nb Qcols:    1
# N:          204800
# NB:         2048
# eps:        1.110223e-16
# Activated runtime: Parsec
#
#      M       N  K/NRHS      NB      Nb threads      seconds       Gflop/s
F# 204800,  204800,  204800,    2048,      55,    AL4SAN ERROR: al4san_desc_mat_alloc(): malloc() failed
AL4SAN ERROR: al4san_desc_check(): NULL matrix pointer
AL4SAN ERROR: AL4SAN_Desc_Create_User(): invalid descriptor
AL4SAN ERROR: al4san_desc_check(): NULL descriptor
AL4SAN ERROR: AL4SAN_dplgsy_Tile(): invalid descriptor
[flamingo:57570] *** Process received signal ***
[flamingo:57570] Signal: Segmentation fault (11)
[flamingo:57570] Signal code: Address not mapped (1)
[flamingo:57570] Failing at address: 0xb0
[flamingo:57570] [ 0] /lib/x86_64-linux-gnu/libpthread.so.0(+0x11390)[0x7fee22eae390]
[flamingo:57570] [ 1] ./potrf[0x408244]
[flamingo:57570] [ 2] ./potrf[0x406b85]
[flamingo:57570] [ 3] ./potrf[0x402abc]
[flamingo:57570] [ 4] ./potrf[0x4021c5]
[flamingo:57570] [ 5] /lib/x86_64-linux-gnu/libc.so.6(__libc_start_main+0xf0)[0x7fee1b968830]
[flamingo:57570] [ 6] ./potrf[0x4024f9]
[flamingo:57570] *** End of error message ***
#
# AL4SAN 1.0.0, ./potrf
# Nb threads: 55
# Nb gpus:    0
# Nb Prows:    1
# Nb Qcols:    1
# N:          204800
# NB:         2560
# eps:        1.110223e-16
# Activated runtime: Parsec
#
#      M       N  K/NRHS      NB      Nb threads      seconds       Gflop/s
F# 204800,  204800,  204800,    2560,      55,    AL4SAN ERROR: al4san_desc_mat_alloc(): malloc() failed
AL4SAN ERROR: al4san_desc_check(): NULL matrix pointer
AL4SAN ERROR: AL4SAN_Desc_Create_User(): invalid descriptor
AL4SAN ERROR: al4san_desc_check(): NULL descriptor
AL4SAN ERROR: AL4SAN_dplgsy_Tile(): invalid descriptor
[flamingo:57633] *** Process received signal ***
[flamingo:57633] Signal: Segmentation fault (11)
[flamingo:57633] Signal code: Address not mapped (1)
[flamingo:57633] Failing at address: 0xb0
[flamingo:57633] [ 0] /lib/x86_64-linux-gnu/libpthread.so.0(+0x11390)[0x7f57b92f1390]
[flamingo:57633] [ 1] ./potrf[0x408244]
[flamingo:57633] [ 2] ./potrf[0x406b85]
[flamingo:57633] [ 3] ./potrf[0x402abc]
[flamingo:57633] [ 4] ./potrf[0x4021c5]
[flamingo:57633] [ 5] /lib/x86_64-linux-gnu/libc.so.6(__libc_start_main+0xf0)[0x7f57b1dab830]
[flamingo:57633] [ 6] ./potrf[0x4024f9]
[flamingo:57633] *** End of error message ***
#
# AL4SAN 1.0.0, ./potrf
# Nb threads: 55
# Nb gpus:    0
# Nb Prows:    1
# Nb Qcols:    1
# N:          204800
# NB:         2560
# eps:        1.110223e-16
# Activated runtime: Parsec
#
#      M       N  K/NRHS      NB      Nb threads      seconds       Gflop/s
F# 204800,  204800,  204800,    2560,      55,    AL4SAN ERROR: al4san_desc_mat_alloc(): malloc() failed
AL4SAN ERROR: al4san_desc_check(): NULL matrix pointer
AL4SAN ERROR: AL4SAN_Desc_Create_User(): invalid descriptor
AL4SAN ERROR: al4san_desc_check(): NULL descriptor
AL4SAN ERROR: AL4SAN_dplgsy_Tile(): invalid descriptor
[flamingo:57696] *** Process received signal ***
[flamingo:57696] Signal: Segmentation fault (11)
[flamingo:57696] Signal code: Address not mapped (1)
[flamingo:57696] Failing at address: 0xb0
[flamingo:57696] [ 0] /lib/x86_64-linux-gnu/libpthread.so.0(+0x11390)[0x7fddefcbe390]
[flamingo:57696] [ 1] ./potrf[0x408244]
[flamingo:57696] [ 2] ./potrf[0x406b85]
[flamingo:57696] [ 3] ./potrf[0x402abc]
[flamingo:57696] [ 4] ./potrf[0x4021c5]
[flamingo:57696] [ 5] /lib/x86_64-linux-gnu/libc.so.6(__libc_start_main+0xf0)[0x7fdde8778830]
[flamingo:57696] [ 6] ./potrf[0x4024f9]
[flamingo:57696] *** End of error message ***
#
# AL4SAN 1.0.0, ./potrf
# Nb threads: 55
# Nb gpus:    0
# Nb Prows:    1
# Nb Qcols:    1
# N:          204800
# NB:         2560
# eps:        1.110223e-16
# Activated runtime: Parsec
#
#      M       N  K/NRHS      NB      Nb threads      seconds       Gflop/s
F# 204800,  204800,  204800,    2560,      55,    AL4SAN ERROR: al4san_desc_mat_alloc(): malloc() failed
AL4SAN ERROR: al4san_desc_check(): NULL matrix pointer
AL4SAN ERROR: AL4SAN_Desc_Create_User(): invalid descriptor
AL4SAN ERROR: al4san_desc_check(): NULL descriptor
AL4SAN ERROR: AL4SAN_dplgsy_Tile(): invalid descriptor
[flamingo:57759] *** Process received signal ***
[flamingo:57759] Signal: Segmentation fault (11)
[flamingo:57759] Signal code: Address not mapped (1)
[flamingo:57759] Failing at address: 0xb0
[flamingo:57759] [ 0] /lib/x86_64-linux-gnu/libpthread.so.0(+0x11390)[0x7fdfbfe5c390]
[flamingo:57759] [ 1] ./potrf[0x408244]
[flamingo:57759] [ 2] ./potrf[0x406b85]
[flamingo:57759] [ 3] ./potrf[0x402abc]
[flamingo:57759] [ 4] ./potrf[0x4021c5]
[flamingo:57759] [ 5] /lib/x86_64-linux-gnu/libc.so.6(__libc_start_main+0xf0)[0x7fdfb8916830]
[flamingo:57759] [ 6] ./potrf[0x4024f9]
[flamingo:57759] *** End of error message ***
#
# AL4SAN 1.0.0, ./potrf
# Nb threads: 55
# Nb gpus:    0
# Nb Prows:    1
# Nb Qcols:    1
# N:          204800
# NB:         3072
# eps:        1.110223e-16
# Activated runtime: Parsec
#
#      M       N  K/NRHS      NB      Nb threads      seconds       Gflop/s
F# 204800,  204800,  204800,    3072,      55,    AL4SAN ERROR: al4san_desc_mat_alloc(): malloc() failed
AL4SAN ERROR: al4san_desc_check(): NULL matrix pointer
AL4SAN ERROR: AL4SAN_Desc_Create_User(): invalid descriptor
AL4SAN ERROR: al4san_desc_check(): NULL descriptor
AL4SAN ERROR: AL4SAN_dplgsy_Tile(): invalid descriptor
[flamingo:57822] *** Process received signal ***
[flamingo:57822] Signal: Segmentation fault (11)
[flamingo:57822] Signal code: Address not mapped (1)
[flamingo:57822] Failing at address: 0xb0
[flamingo:57822] [ 0] /lib/x86_64-linux-gnu/libpthread.so.0(+0x11390)[0x7f516cd25390]
[flamingo:57822] [ 1] ./potrf[0x408244]
[flamingo:57822] [ 2] ./potrf[0x406b85]
[flamingo:57822] [ 3] ./potrf[0x402abc]
[flamingo:57822] [ 4] ./potrf[0x4021c5]
[flamingo:57822] [ 5] /lib/x86_64-linux-gnu/libc.so.6(__libc_start_main+0xf0)[0x7f51657df830]
[flamingo:57822] [ 6] ./potrf[0x4024f9]
[flamingo:57822] *** End of error message ***
#
# AL4SAN 1.0.0, ./potrf
# Nb threads: 55
# Nb gpus:    0
# Nb Prows:    1
# Nb Qcols:    1
# N:          204800
# NB:         3072
# eps:        1.110223e-16
# Activated runtime: Parsec
#
#      M       N  K/NRHS      NB      Nb threads      seconds       Gflop/s
F# 204800,  204800,  204800,    3072,      55,    AL4SAN ERROR: al4san_desc_mat_alloc(): malloc() failed
AL4SAN ERROR: al4san_desc_check(): NULL matrix pointer
AL4SAN ERROR: AL4SAN_Desc_Create_User(): invalid descriptor
AL4SAN ERROR: al4san_desc_check(): NULL descriptor
AL4SAN ERROR: AL4SAN_dplgsy_Tile(): invalid descriptor
[flamingo:57886] *** Process received signal ***
[flamingo:57886] Signal: Segmentation fault (11)
[flamingo:57886] Signal code: Address not mapped (1)
[flamingo:57886] Failing at address: 0xb0
[flamingo:57886] [ 0] /lib/x86_64-linux-gnu/libpthread.so.0(+0x11390)[0x7f26a68cd390]
[flamingo:57886] [ 1] ./potrf[0x408244]
[flamingo:57886] [ 2] ./potrf[0x406b85]
[flamingo:57886] [ 3] ./potrf[0x402abc]
[flamingo:57886] [ 4] ./potrf[0x4021c5]
[flamingo:57886] [ 5] /lib/x86_64-linux-gnu/libc.so.6(__libc_start_main+0xf0)[0x7f269f387830]
[flamingo:57886] [ 6] ./potrf[0x4024f9]
[flamingo:57886] *** End of error message ***
#
# AL4SAN 1.0.0, ./potrf
# Nb threads: 55
# Nb gpus:    0
# Nb Prows:    1
# Nb Qcols:    1
# N:          204800
# NB:         3072
# eps:        1.110223e-16
# Activated runtime: Parsec
#
#      M       N  K/NRHS      NB      Nb threads      seconds       Gflop/s
F# 204800,  204800,  204800,    3072,      55,    AL4SAN ERROR: al4san_desc_mat_alloc(): malloc() failed
AL4SAN ERROR: al4san_desc_check(): NULL matrix pointer
AL4SAN ERROR: AL4SAN_Desc_Create_User(): invalid descriptor
AL4SAN ERROR: al4san_desc_check(): NULL descriptor
AL4SAN ERROR: AL4SAN_dplgsy_Tile(): invalid descriptor
[flamingo:57949] *** Process received signal ***
[flamingo:57949] Signal: Segmentation fault (11)
[flamingo:57949] Signal code: Address not mapped (1)
[flamingo:57949] Failing at address: 0xb0
[flamingo:57949] [ 0] /lib/x86_64-linux-gnu/libpthread.so.0(+0x11390)[0x7f41137a5390]
[flamingo:57949] [ 1] ./potrf[0x408244]
[flamingo:57949] [ 2] ./potrf[0x406b85]
[flamingo:57949] [ 3] ./potrf[0x402abc]
[flamingo:57949] [ 4] ./potrf[0x4021c5]
[flamingo:57949] [ 5] /lib/x86_64-linux-gnu/libc.so.6(__libc_start_main+0xf0)[0x7f410c25f830]
[flamingo:57949] [ 6] ./potrf[0x4024f9]
[flamingo:57949] *** End of error message ***
